<?xml version="1.0" encoding="UTF-8"?>
<testsuites>
  <testsuite name="evaluation" timestamp="2025-11-04T20:14:01Z" hostname="348a6a84169f" tests="8" skipped="0" failures="0" errors="0" time="1.074">
    <testcase time="0.22" classname="evaluation" name="eval_sculpture_returns_PDP_and_predictions_for_regression"/>
    <testcase time="0.02" classname="evaluation" name="eval_sculpture_returns_PDP_and_predictions_for_regression"/>
    <testcase time="0.0109999999999999" classname="evaluation" name="eval_sculpture_returns_PDP_and_predictions_for_regression"/>
    <testcase time="0.00300000000000011" classname="evaluation" name="eval_sculpture_returns_PDP_and_predictions_for_regression"/>
    <testcase time="0.0209999999999999" classname="evaluation" name="eval_sculpture_handles_classification_log_odds"/>
    <testcase time="0.792" classname="evaluation" name="eval_sculpture_handles_classification_log_odds"/>
    <testcase time="0.00299999999999989" classname="evaluation" name="eval_sculpture_handles_classification_log_odds"/>
    <testcase time="0.004" classname="evaluation" name="eval_sculpture_handles_classification_log_odds"/>
  </testsuite>
  <testsuite name="metrics" timestamp="2025-11-04T20:14:02Z" hostname="348a6a84169f" tests="43" skipped="0" failures="0" errors="0" time="0.424">
    <testcase time="0.0190000000000001" classname="metrics" name="metrics_r2_works"/>
    <testcase time="0.004" classname="metrics" name="metrics_r2_works"/>
    <testcase time="0.004" classname="metrics" name="metrics_r2_works"/>
    <testcase time="0.0069999999999999" classname="metrics" name="metrics_R2_works"/>
    <testcase time="0.004" classname="metrics" name="metrics_R2_works"/>
    <testcase time="0.00300000000000011" classname="metrics" name="metrics_R2_works"/>
    <testcase time="0.00800000000000001" classname="metrics" name="metrics_DI_works"/>
    <testcase time="0.00300000000000011" classname="metrics" name="metrics_DI_works"/>
    <testcase time="0.004" classname="metrics" name="metrics_DI_works"/>
    <testcase time="0.00800000000000001" classname="metrics" name="metrics_MI_works"/>
    <testcase time="0.00299999999999967" classname="metrics" name="metrics_MI_works"/>
    <testcase time="0.004" classname="metrics" name="metrics_MI_works"/>
    <testcase time="0.004" classname="metrics" name="metrics_MI_works"/>
    <testcase time="0.0140000000000002" classname="metrics" name="metrics_fit_calib_works"/>
    <testcase time="0.00499999999999989" classname="metrics" name="metrics_fit_calib_works"/>
    <testcase time="0.012" classname="metrics" name="metrics_fit_calib_works"/>
    <testcase time="0.004" classname="metrics" name="metrics_fit_calib_works"/>
    <testcase time="0.00999999999999979" classname="metrics" name="metrics_fit_calib_works"/>
    <testcase time="0.004" classname="metrics" name="metrics_fit_calib_works"/>
    <testcase time="0.012" classname="metrics" name="calc_dir_var_imp_pdp_and_calc_cumul_R2_pdp_compute_expected_values"/>
    <testcase time="0.004" classname="metrics" name="calc_dir_var_imp_pdp_and_calc_cumul_R2_pdp_compute_expected_values"/>
    <testcase time="0.00300000000000011" classname="metrics" name="calc_dir_var_imp_pdp_and_calc_cumul_R2_pdp_compute_expected_values"/>
    <testcase time="0.004" classname="metrics" name="calc_dir_var_imp_pdp_and_calc_cumul_R2_pdp_compute_expected_values"/>
    <testcase time="0.00800000000000001" classname="metrics" name="calc_dir_var_imp_pdp_and_calc_cumul_R2_pdp_compute_expected_values"/>
    <testcase time="0.00800000000000001" classname="metrics" name="score_functions_handle_NA_removal_and_scalar_predictions"/>
    <testcase time="0.004" classname="metrics" name="score_functions_handle_NA_removal_and_scalar_predictions"/>
    <testcase time="0.00300000000000011" classname="metrics" name="score_functions_handle_NA_removal_and_scalar_predictions"/>
    <testcase time="0.004" classname="metrics" name="score_functions_handle_NA_removal_and_scalar_predictions"/>
    <testcase time="0.00300000000000011" classname="metrics" name="score_functions_handle_NA_removal_and_scalar_predictions"/>
    <testcase time="0.004" classname="metrics" name="score_functions_handle_NA_removal_and_scalar_predictions"/>
    <testcase time="0.0109999999999997" classname="metrics" name="check_score_fun_validates_user_defined_scoring_functions"/>
    <testcase time="0.00300000000000011" classname="metrics" name="check_score_fun_validates_user_defined_scoring_functions"/>
    <testcase time="0.00200000000000022" classname="metrics" name="check_score_fun_validates_user_defined_scoring_functions"/>
    <testcase time="0.00800000000000001" classname="metrics" name="metrics_unc_and_fit_calibration_cover_NA_and_factor_paths"/>
    <testcase time="0.004" classname="metrics" name="metrics_unc_and_fit_calibration_cover_NA_and_factor_paths"/>
    <testcase time="0.081" classname="metrics" name="metrics_unc_and_fit_calibration_cover_NA_and_factor_paths"/>
    <testcase time="0.00699999999999967" classname="metrics" name="metrics_r2_returns_zero_when_response_variance_is_zero"/>
    <testcase time="0.0990000000000002" classname="metrics" name="high_level_importance_helpers_work_with_sculptures"/>
    <testcase time="0.00700000000000012" classname="metrics" name="high_level_importance_helpers_work_with_sculptures"/>
    <testcase time="0.00299999999999967" classname="metrics" name="high_level_importance_helpers_work_with_sculptures"/>
    <testcase time="0.00300000000000011" classname="metrics" name="high_level_importance_helpers_work_with_sculptures"/>
    <testcase time="0.012" classname="metrics" name="high_level_importance_helpers_work_with_sculptures"/>
    <testcase time="0.00300000000000011" classname="metrics" name="high_level_importance_helpers_work_with_sculptures"/>
  </testsuite>
  <testsuite name="parallel_utils" timestamp="2025-11-04T20:14:02Z" hostname="348a6a84169f" tests="17" skipped="1" failures="0" errors="0" time="0.101">
    <testcase time="0.0299999999999998" classname="parallel_utils" name="parallel_set_configures_psock_backend"/>
    <testcase time="0.00300000000000011" classname="parallel_utils" name="parallel_set_configures_psock_backend"/>
    <testcase time="0.00300000000000011" classname="parallel_utils" name="parallel_set_configures_psock_backend"/>
    <testcase time="0.00199999999999978" classname="parallel_utils" name="parallel_set_configures_psock_backend"/>
    <testcase time="0.00900000000000034" classname="parallel_utils" name="parallel_set_configures_fork_backend"/>
    <testcase time="0.00199999999999978" classname="parallel_utils" name="parallel_set_configures_fork_backend"/>
    <testcase time="0.00300000000000011" classname="parallel_utils" name="parallel_set_configures_fork_backend"/>
    <testcase time="0.00300000000000011" classname="parallel_utils" name="parallel_set_configures_fork_backend"/>
    <testcase time="0.00499999999999989" classname="parallel_utils" name="parallel_end_resets_to_sequential_when_backend_active"/>
    <testcase time="0.00300000000000011" classname="parallel_utils" name="parallel_end_resets_to_sequential_when_backend_active"/>
    <testcase time="0.00499999999999989" classname="parallel_utils" name="parallel_end_is_no_op_when_backend_inactive"/>
    <testcase time="0.00599999999999978" classname="parallel_utils" name="define_foreach_operand_selects_correct_operator"/>
    <testcase time="0.00300000000000011" classname="parallel_utils" name="define_foreach_operand_selects_correct_operator"/>
    <testcase time="0.00300000000000011" classname="parallel_utils" name="define_foreach_operand_selects_correct_operator"/>
    <testcase time="0.00800000000000001" classname="parallel_utils" name="parallel_set_validates_inputs"/>
    <testcase time="0.0089999999999999" classname="parallel_utils" name="parallel_set_validates_inputs"/>
    <testcase time="0.004" classname="parallel_utils" name="parallel_set_and_parallel_end_work_with_real_backend">
      <skipped message="Reason: On CRAN ('test-parallel_utils.R:142:3')"/>
    </testcase>
    <testcase time="0.0249999999999999" classname="character(0)" name="_unnamed_">
      <skipped message="Reason: On CRAN ('test-plots-var-imp.R:1:1')"/>
    </testcase>
  </testsuite>
  <testsuite name="plots" timestamp="2025-11-04T20:14:03Z" hostname="348a6a84169f" tests="45" skipped="1" failures="0" errors="0" time="3.824">
    <testcase time="0.0210000000000004" classname="plots" name="facet_specification_validates_inputs"/>
    <testcase time="0.00299999999999967" classname="plots" name="facet_specification_validates_inputs"/>
    <testcase time="0.00500000000000034" classname="plots" name="facet_specification_validates_inputs"/>
    <testcase time="0.004" classname="plots" name="facet_specification_validates_inputs"/>
    <testcase time="0.0579999999999998" classname="plots" name="resolve_facet_specification_respects_ordering_and_top_k"/>
    <testcase time="0.00300000000000011" classname="plots" name="resolve_facet_specification_respects_ordering_and_top_k"/>
    <testcase time="0.00299999999999967" classname="plots" name="resolve_facet_specification_respects_ordering_and_top_k"/>
    <testcase time="0.00100000000000033" classname="plots" name="resolve_facet_specification_respects_ordering_and_top_k"/>
    <testcase time="0.00800000000000001" classname="plots" name="missings_specification_guards_conflicting_options"/>
    <testcase time="0.004" classname="plots" name="missings_specification_guards_conflicting_options"/>
    <testcase time="0.00499999999999989" classname="plots" name="missings_specification_guards_conflicting_options"/>
    <testcase time="0.13" classname="plots" name="missings_specification_guards_conflicting_options"/>
    <testcase time="0.117" classname="plots" name="g_ice_builds_plots_and_enforces_PDP_colouring_guard"/>
    <testcase time="0.00200000000000022" classname="plots" name="g_ice_builds_plots_and_enforces_PDP_colouring_guard"/>
    <testcase time="0.00099999999999989" classname="plots" name="g_ice_builds_plots_and_enforces_PDP_colouring_guard"/>
    <testcase time="0.00499999999999989" classname="plots" name="g_ice_builds_plots_and_enforces_PDP_colouring_guard"/>
    <testcase time="0.136" classname="plots" name="g_comparison_overlays_multiple_sculptures"/>
    <testcase time="0.00199999999999978" classname="plots" name="g_comparison_overlays_multiple_sculptures"/>
    <testcase time="0.324" classname="plots" name="g_var_imp_supports_multiple_variable_importance_modes"/>
    <testcase time="0.00099999999999989" classname="plots" name="g_var_imp_supports_multiple_variable_importance_modes"/>
    <testcase time="0.24" classname="plots" name="g_var_imp_supports_multiple_variable_importance_modes"/>
    <testcase time="0.256" classname="plots" name="g_var_imp_supports_multiple_variable_importance_modes"/>
    <testcase time="0.257" classname="plots" name="g_var_imp_supports_multiple_variable_importance_modes"/>
    <testcase time="0.0630000000000006" classname="plots" name="g_var_imp_supports_multiple_variable_importance_modes"/>
    <testcase time="0.00699999999999967" classname="plots" name="ms_color_and_facet_utilities_behave_as_expected"/>
    <testcase time="0.00100000000000033" classname="plots" name="ms_color_and_facet_utilities_behave_as_expected"/>
    <testcase time="0.00300000000000011" classname="plots" name="ms_color_and_facet_utilities_behave_as_expected"/>
    <testcase time="0.00499999999999989" classname="plots" name="ms_color_and_facet_utilities_behave_as_expected"/>
    <testcase time="0.00300000000000011" classname="plots" name="ms_color_and_facet_utilities_behave_as_expected"/>
    <testcase time="0.00299999999999923" classname="plots" name="ms_color_and_facet_utilities_behave_as_expected"/>
    <testcase time="0.0120000000000005" classname="plots" name="resolve_missings_specification_drops_rows_when_requested"/>
    <testcase time="0.00199999999999978" classname="plots" name="resolve_missings_specification_drops_rows_when_requested"/>
    <testcase time="0.262" classname="plots" name="g_var_imp_handles_PDP_view_top_k_and_log_odds_sculptures"/>
    <testcase time="0.117999999999999" classname="plots" name="g_var_imp_handles_PDP_view_top_k_and_log_odds_sculptures"/>
    <testcase time="0.158" classname="plots" name="g_var_imp_handles_PDP_view_top_k_and_log_odds_sculptures"/>
    <testcase time="0.122" classname="plots" name="g_var_imp_handles_PDP_view_top_k_and_log_odds_sculptures"/>
    <testcase time="0.0179999999999998" classname="plots" name="g_var_imp_handles_PDP_view_top_k_and_log_odds_sculptures"/>
    <testcase time="0.614" classname="plots" name="g_var_imp_handles_PDP_view_top_k_and_log_odds_sculptures"/>
    <testcase time="0.374000000000001" classname="plots" name="g_var_imp_handles_PDP_view_top_k_and_log_odds_sculptures"/>
    <testcase time="0.0969999999999995" classname="plots" name="g_component_adds_missings_overlays_when_requested"/>
    <testcase time="0.0730000000000004" classname="plots" name="g_component_adds_missings_overlays_when_requested"/>
    <testcase time="0.0979999999999999" classname="plots" name="g_comparison_supports_hue_colouring_and_missings_overlays"/>
    <testcase time="0.0460000000000003" classname="plots" name="g_comparison_supports_hue_colouring_and_missings_overlays"/>
    <testcase time="0.133999999999999" classname="plots" name="g_additivity_returns_ggplot_when_plot_only"/>
  </testsuite>
  <testsuite name="plots_density" timestamp="2025-11-04T20:14:06Z" hostname="348a6a84169f" tests="11" skipped="1" failures="0" errors="0" time="0.379">
    <testcase time="0.155" classname="plots_density" name="check_density_and_quantile_calculations">
      <skipped message="Reason: On CRAN ('test-plots_density.R:37:3')"/>
    </testcase>
    <testcase time="0.0280000000000005" classname="plots_density" name="calc_ice_quantile_converts_to_probabilities_for_classification_task"/>
    <testcase time="0.00399999999999956" classname="plots_density" name="calc_ice_quantile_converts_to_probabilities_for_classification_task"/>
    <testcase time="0.00900000000000034" classname="plots_density" name="calc_density_handles_degenerate_bandwidths"/>
    <testcase time="0.00399999999999956" classname="plots_density" name="calc_density_handles_degenerate_bandwidths"/>
    <testcase time="0.00400000000000045" classname="plots_density" name="calc_density_handles_degenerate_bandwidths"/>
    <testcase time="0.00699999999999967" classname="plots_density" name="expand_range_supports_absolute_adjustments"/>
    <testcase time="0.101" classname="plots_density" name="g_density_ice_plot_variants_build_plots"/>
    <testcase time="0.0629999999999997" classname="plots_density" name="g_density_ice_plot_variants_build_plots"/>
    <testcase time="0.00100000000000033" classname="plots_density" name="g_density_ice_plot_variants_build_plots"/>
    <testcase time="0.00300000000000011" classname="plots_density" name="g_density_ice_plot_variants_build_plots"/>
  </testsuite>
  <testsuite name="sculpting" timestamp="2025-11-04T20:14:07Z" hostname="348a6a84169f" tests="111" skipped="8" failures="0" errors="0" time="1.867">
    <testcase time="0.0140000000000002" classname="sculpting" name="sample_marginals_works_as_expected"/>
    <testcase time="0.00299999999999923" classname="sculpting" name="sample_marginals_works_as_expected"/>
    <testcase time="0.00200000000000067" classname="sculpting" name="sample_marginals_works_as_expected"/>
    <testcase time="0.0289999999999999" classname="sculpting" name="sample_marginals_works_as_expected"/>
    <testcase time="0.00399999999999956" classname="sculpting" name="sample_marginals_works_as_expected"/>
    <testcase time="0.00400000000000045" classname="sculpting" name="sample_marginals_works_as_expected"/>
    <testcase time="0.00300000000000011" classname="sculpting" name="sample_marginals_works_as_expected"/>
    <testcase time="0.0289999999999999" classname="sculpting" name="calculate_ice_data_and_generate_ice_data_works_as_expected">
      <skipped message="Reason: On CRAN ('test-sculpting.R:57:3')"/>
    </testcase>
    <testcase time="0.032" classname="sculpting" name="calculate_pdp_data_and_generate_pdp_data_works_as_expected">
      <skipped message="Reason: On CRAN ('test-sculpting.R:109:3')"/>
    </testcase>
    <testcase time="0.0289999999999999" classname="sculpting" name="generate_ice_data_and_generate_pdp_data_with_logodds_to_prob_works_as_expected"/>
    <testcase time="0.00999999999999979" classname="sculpting" name="generate_ice_data_and_generate_pdp_data_with_logodds_to_prob_works_as_expected"/>
    <testcase time="0.111" classname="sculpting" name="sculpt_rough_works_as_expected"/>
    <testcase time="0.00100000000000033" classname="sculpting" name="sculpt_rough_works_as_expected"/>
    <testcase time="0.00399999999999956" classname="sculpting" name="sculpt_rough_works_as_expected"/>
    <testcase time="0.00300000000000011" classname="sculpting" name="sculpt_rough_works_as_expected"/>
    <testcase time="0.0100000000000007" classname="sculpting" name="sculpt_rough_works_as_expected">
      <skipped message="Reason: On CRAN ('test-sculpting.R:204:3')"/>
    </testcase>
    <testcase time="0.0489999999999995" classname="sculpting" name="sculpt_rough_works_with_1_2_3_variable_s_"/>
    <testcase time="0.00100000000000033" classname="sculpting" name="sculpt_rough_works_with_1_2_3_variable_s_"/>
    <testcase time="0.00399999999999956" classname="sculpting" name="sculpt_rough_works_with_1_2_3_variable_s_"/>
    <testcase time="0.00300000000000011" classname="sculpting" name="sculpt_rough_works_with_1_2_3_variable_s_"/>
    <testcase time="0.00300000000000011" classname="sculpting" name="sculpt_rough_works_with_1_2_3_variable_s_"/>
    <testcase time="0.0129999999999999" classname="sculpting" name="sculpt_rough_works_with_1_2_3_variable_s_">
      <skipped message="Reason: On CRAN ('test-sculpting.R:246:3')"/>
    </testcase>
    <testcase time="0.184" classname="sculpting" name="sculpt_detailed_lm_works_as_expected"/>
    <testcase time="0.00100000000000033" classname="sculpting" name="sculpt_detailed_lm_works_as_expected"/>
    <testcase time="0.00399999999999956" classname="sculpting" name="sculpt_detailed_lm_works_as_expected"/>
    <testcase time="0.00300000000000011" classname="sculpting" name="sculpt_detailed_lm_works_as_expected"/>
    <testcase time="0.0140000000000002" classname="sculpting" name="sculpt_detailed_lm_works_as_expected">
      <skipped message="Reason: On CRAN ('test-sculpting.R:308:3')"/>
    </testcase>
    <testcase time="0.255" classname="sculpting" name="sculpt_detailed_gam_works_as_expected"/>
    <testcase time="0.00199999999999978" classname="sculpting" name="sculpt_detailed_gam_works_as_expected"/>
    <testcase time="0.00300000000000011" classname="sculpting" name="sculpt_detailed_gam_works_as_expected"/>
    <testcase time="0.00399999999999956" classname="sculpting" name="sculpt_detailed_gam_works_as_expected"/>
    <testcase time="0.0150000000000006" classname="sculpting" name="sculpt_detailed_gam_works_as_expected">
      <skipped message="Reason: On CRAN ('test-sculpting.R:347:3')"/>
    </testcase>
    <testcase time="0.0869999999999997" classname="sculpting" name="sculptures_work_with_one_variable"/>
    <testcase time="0.00600000000000023" classname="sculpting" name="sculptures_work_with_one_variable"/>
    <testcase time="0.105" classname="sculpting" name="sculptures_work_with_missings_flag_all_same">
      <skipped message="Reason: On CRAN ('test-sculpting.R:394:3')"/>
    </testcase>
    <testcase time="0.0880000000000001" classname="sculpting" name="sculptures_work_with_missings_flag_different_per_column">
      <skipped message="Reason: On CRAN ('test-sculpting.R:423:3')"/>
    </testcase>
    <testcase time="0.069" classname="sculpting" name="Rough_class_is_defined_properly"/>
    <testcase time="0.00100000000000033" classname="sculpting" name="Rough_class_is_defined_properly"/>
    <testcase time="0.00300000000000011" classname="sculpting" name="Rough_class_is_defined_properly"/>
    <testcase time="0.00200000000000067" classname="sculpting" name="Rough_class_is_defined_properly"/>
    <testcase time="0.00399999999999956" classname="sculpting" name="Rough_class_is_defined_properly"/>
    <testcase time="0.00199999999999978" classname="sculpting" name="Rough_class_is_defined_properly"/>
    <testcase time="0.00300000000000011" classname="sculpting" name="Rough_class_is_defined_properly"/>
    <testcase time="0.00300000000000011" classname="sculpting" name="Rough_class_is_defined_properly"/>
    <testcase time="0.00300000000000011" classname="sculpting" name="Rough_class_is_defined_properly"/>
    <testcase time="0.00300000000000011" classname="sculpting" name="Rough_class_is_defined_properly"/>
    <testcase time="0.00300000000000011" classname="sculpting" name="Rough_class_is_defined_properly"/>
    <testcase time="0.00300000000000011" classname="sculpting" name="Rough_class_is_defined_properly"/>
    <testcase time="0.00300000000000011" classname="sculpting" name="Rough_class_is_defined_properly"/>
    <testcase time="0.00399999999999956" classname="sculpting" name="Rough_class_is_defined_properly"/>
    <testcase time="0.00199999999999978" classname="sculpting" name="Rough_class_is_defined_properly"/>
    <testcase time="0.00400000000000045" classname="sculpting" name="Rough_class_is_defined_properly"/>
    <testcase time="0.0110000000000001" classname="sculpting" name="Rough_class_is_defined_properly"/>
    <testcase time="0.00299999999999923" classname="sculpting" name="Rough_class_is_defined_properly"/>
    <testcase time="0.00300000000000011" classname="sculpting" name="Rough_class_is_defined_properly"/>
    <testcase time="0.00200000000000067" classname="sculpting" name="Rough_class_is_defined_properly"/>
    <testcase time="0.00299999999999923" classname="sculpting" name="Rough_class_is_defined_properly"/>
    <testcase time="0.00400000000000045" classname="sculpting" name="Rough_class_is_defined_properly"/>
    <testcase time="0.00199999999999978" classname="sculpting" name="Rough_class_is_defined_properly"/>
    <testcase time="0.00400000000000045" classname="sculpting" name="Rough_class_is_defined_properly"/>
    <testcase time="0.00699999999999967" classname="sculpting" name="Rough_class_is_defined_properly"/>
    <testcase time="0.00300000000000011" classname="sculpting" name="Rough_class_is_defined_properly"/>
    <testcase time="0.00300000000000011" classname="sculpting" name="Rough_class_is_defined_properly"/>
    <testcase time="0.00399999999999956" classname="sculpting" name="Rough_class_is_defined_properly"/>
    <testcase time="0.00300000000000011" classname="sculpting" name="Rough_class_is_defined_properly"/>
    <testcase time="0.00300000000000011" classname="sculpting" name="Rough_class_is_defined_properly"/>
    <testcase time="0.00300000000000011" classname="sculpting" name="Rough_class_is_defined_properly"/>
    <testcase time="0.00300000000000011" classname="sculpting" name="Rough_class_is_defined_properly"/>
    <testcase time="0.00399999999999956" classname="sculpting" name="Rough_class_is_defined_properly"/>
    <testcase time="0.00499999999999989" classname="sculpting" name="Rough_class_is_defined_properly"/>
    <testcase time="0.00500000000000078" classname="sculpting" name="Rough_class_is_defined_properly"/>
    <testcase time="0.00499999999999901" classname="sculpting" name="Rough_class_is_defined_properly"/>
    <testcase time="0.00300000000000011" classname="sculpting" name="Rough_class_is_defined_properly"/>
    <testcase time="0.00200000000000067" classname="sculpting" name="Rough_class_is_defined_properly"/>
    <testcase time="0.00300000000000011" classname="sculpting" name="Rough_class_is_defined_properly"/>
    <testcase time="0.00399999999999956" classname="sculpting" name="Rough_class_is_defined_properly"/>
    <testcase time="0.106" classname="sculpting" name="Detailed_class_is_defined_properly"/>
    <testcase time="0.00200000000000067" classname="sculpting" name="Detailed_class_is_defined_properly"/>
    <testcase time="0.00300000000000011" classname="sculpting" name="Detailed_class_is_defined_properly"/>
    <testcase time="0.00300000000000011" classname="sculpting" name="Detailed_class_is_defined_properly"/>
    <testcase time="0.00300000000000011" classname="sculpting" name="Detailed_class_is_defined_properly"/>
    <testcase time="0.00200000000000067" classname="sculpting" name="Detailed_class_is_defined_properly"/>
    <testcase time="0.00299999999999834" classname="sculpting" name="Detailed_class_is_defined_properly"/>
    <testcase time="0.00400000000000134" classname="sculpting" name="Detailed_class_is_defined_properly"/>
    <testcase time="0.00300000000000011" classname="sculpting" name="Detailed_class_is_defined_properly"/>
    <testcase time="0.00300000000000011" classname="sculpting" name="Detailed_class_is_defined_properly"/>
    <testcase time="0.00300000000000011" classname="sculpting" name="Detailed_class_is_defined_properly"/>
    <testcase time="0.00799999999999912" classname="sculpting" name="Detailed_class_is_defined_properly"/>
    <testcase time="0.00399999999999956" classname="sculpting" name="Detailed_class_is_defined_properly"/>
    <testcase time="0.00300000000000011" classname="sculpting" name="Detailed_class_is_defined_properly"/>
    <testcase time="0.011000000000001" classname="sculpting" name="Detailed_class_is_defined_properly"/>
    <testcase time="0.00300000000000011" classname="sculpting" name="Detailed_class_is_defined_properly"/>
    <testcase time="0.00300000000000011" classname="sculpting" name="Detailed_class_is_defined_properly"/>
    <testcase time="0.00299999999999834" classname="sculpting" name="Detailed_class_is_defined_properly"/>
    <testcase time="0.00300000000000011" classname="sculpting" name="Detailed_class_is_defined_properly"/>
    <testcase time="0.00400000000000134" classname="sculpting" name="Detailed_class_is_defined_properly"/>
    <testcase time="0.00300000000000011" classname="sculpting" name="Detailed_class_is_defined_properly"/>
    <testcase time="0.00299999999999834" classname="sculpting" name="Detailed_class_is_defined_properly"/>
    <testcase time="0.00300000000000011" classname="sculpting" name="Detailed_class_is_defined_properly"/>
    <testcase time="0.00400000000000134" classname="sculpting" name="Detailed_class_is_defined_properly"/>
    <testcase time="0.00300000000000011" classname="sculpting" name="Detailed_class_is_defined_properly"/>
    <testcase time="0.00300000000000011" classname="sculpting" name="Detailed_class_is_defined_properly"/>
    <testcase time="0.00299999999999834" classname="sculpting" name="Detailed_class_is_defined_properly"/>
    <testcase time="0.00400000000000134" classname="sculpting" name="Detailed_class_is_defined_properly"/>
    <testcase time="0.00300000000000011" classname="sculpting" name="Detailed_class_is_defined_properly"/>
    <testcase time="0.00399999999999956" classname="sculpting" name="Detailed_class_is_defined_properly"/>
    <testcase time="0.00300000000000011" classname="sculpting" name="Detailed_class_is_defined_properly"/>
    <testcase time="0.00300000000000011" classname="sculpting" name="Detailed_class_is_defined_properly"/>
    <testcase time="0.00300000000000011" classname="sculpting" name="Detailed_class_is_defined_properly"/>
    <testcase time="0.00399999999999956" classname="sculpting" name="Detailed_class_is_defined_properly"/>
    <testcase time="0.308" classname="sculpting" name="variable_importance_plots_with_ice"/>
  </testsuite>
  <testsuite name="workflows" timestamp="2025-11-04T20:14:09Z" hostname="348a6a84169f" tests="26" skipped="0" failures="0" errors="0" time="1.24">
    <testcase time="0.106999999999999" classname="workflows" name="regression_workflow_produces_consistent_sculptures"/>
    <testcase time="0.00100000000000122" classname="workflows" name="regression_workflow_produces_consistent_sculptures"/>
    <testcase time="0.00799999999999912" classname="workflows" name="regression_workflow_produces_consistent_sculptures"/>
    <testcase time="0.00699999999999967" classname="workflows" name="regression_workflow_produces_consistent_sculptures"/>
    <testcase time="0.00100000000000122" classname="workflows" name="regression_workflow_produces_consistent_sculptures"/>
    <testcase time="0.00199999999999889" classname="workflows" name="regression_workflow_produces_consistent_sculptures"/>
    <testcase time="0.00300000000000011" classname="workflows" name="regression_workflow_produces_consistent_sculptures"/>
    <testcase time="0.00300000000000011" classname="workflows" name="regression_workflow_produces_consistent_sculptures"/>
    <testcase time="0.0440000000000005" classname="workflows" name="regression_workflow_produces_consistent_sculptures"/>
    <testcase time="0.00200000000000067" classname="workflows" name="regression_workflow_produces_consistent_sculptures"/>
    <testcase time="0.0419999999999998" classname="workflows" name="regression_workflow_produces_consistent_sculptures"/>
    <testcase time="0.0119999999999987" classname="workflows" name="classification_workflow_converts_log_odds_to_probability"/>
    <testcase time="0.116000000000001" classname="workflows" name="classification_workflow_converts_log_odds_to_probability"/>
    <testcase time="0.00600000000000023" classname="workflows" name="classification_workflow_converts_log_odds_to_probability"/>
    <testcase time="0.232999999999999" classname="workflows" name="classification_workflow_converts_log_odds_to_probability"/>
    <testcase time="0.0129999999999999" classname="workflows" name="classification_workflow_converts_log_odds_to_probability"/>
    <testcase time="0.0360000000000014" classname="workflows" name="classification_workflow_converts_log_odds_to_probability"/>
    <testcase time="0.0549999999999997" classname="workflows" name="comparison_requires_subordinate_sculptures"/>
    <testcase time="0.148" classname="workflows" name="g_ice_handles_drop_from_plot_and_discrete_only_input"/>
    <testcase time="0.048" classname="workflows" name="g_ice_handles_drop_from_plot_and_discrete_only_input"/>
    <testcase time="0.125" classname="workflows" name="g_ice_handles_drop_from_plot_and_discrete_only_input"/>
    <testcase time="0.00199999999999889" classname="workflows" name="g_ice_handles_drop_from_plot_and_discrete_only_input"/>
    <testcase time="0.136000000000001" classname="workflows" name="g_component_returns_expected_panels"/>
    <testcase time="0.00200000000000067" classname="workflows" name="g_component_returns_expected_panels"/>
    <testcase time="0.0869999999999997" classname="workflows" name="g_component_returns_expected_panels"/>
    <testcase time="0.000999999999999446" classname="workflows" name="g_component_returns_expected_panels"/>
  </testsuite>
</testsuites>
