<?xml version="1.0" encoding="UTF-8"?>
<testsuites>
  <testsuite name="metrics" timestamp="2025-11-04T16:41:07Z" hostname="b9d1fdbbd8d6" tests="19" skipped="0" failures="0" errors="0" time="0.885">
    <testcase time="0.0830000000000001" classname="metrics" name="metrics_r2_works"/>
    <testcase time="0.0189999999999999" classname="metrics" name="metrics_r2_works"/>
    <testcase time="0.00900000000000001" classname="metrics" name="metrics_r2_works"/>
    <testcase time="0.017" classname="metrics" name="metrics_R2_works"/>
    <testcase time="0.003" classname="metrics" name="metrics_R2_works"/>
    <testcase time="0.004" classname="metrics" name="metrics_R2_works"/>
    <testcase time="0.00800000000000001" classname="metrics" name="metrics_DI_works"/>
    <testcase time="0.00300000000000011" classname="metrics" name="metrics_DI_works"/>
    <testcase time="0.004" classname="metrics" name="metrics_DI_works"/>
    <testcase time="0.00800000000000001" classname="metrics" name="metrics_MI_works"/>
    <testcase time="0.00299999999999989" classname="metrics" name="metrics_MI_works"/>
    <testcase time="0.004" classname="metrics" name="metrics_MI_works"/>
    <testcase time="0.004" classname="metrics" name="metrics_MI_works"/>
    <testcase time="0.684" classname="metrics" name="metrics_fit_calib_works"/>
    <testcase time="0.004" classname="metrics" name="metrics_fit_calib_works"/>
    <testcase time="0.0110000000000001" classname="metrics" name="metrics_fit_calib_works"/>
    <testcase time="0.00299999999999989" classname="metrics" name="metrics_fit_calib_works"/>
    <testcase time="0.01" classname="metrics" name="metrics_fit_calib_works"/>
    <testcase time="0.004" classname="metrics" name="metrics_fit_calib_works"/>
  </testsuite>
  <testsuite name="plots_density" timestamp="2025-11-04T16:41:08Z" hostname="b9d1fdbbd8d6" tests="1" skipped="1" failures="0" errors="0" time="0.261">
    <testcase time="0.261" classname="plots_density" name="check_density_and_quantile_calculations">
      <skipped message="Reason: On CRAN ('test-plots_density.R:37:3')"/>
    </testcase>
  </testsuite>
  <testsuite name="sculpting" timestamp="2025-11-04T16:41:09Z" hostname="b9d1fdbbd8d6" tests="111" skipped="9" failures="0" errors="0" time="1.989">
    <testcase time="0.0710000000000002" classname="sculpting" name="sample_marginals_works_as_expected"/>
    <testcase time="0.00300000000000011" classname="sculpting" name="sample_marginals_works_as_expected"/>
    <testcase time="0.00199999999999978" classname="sculpting" name="sample_marginals_works_as_expected"/>
    <testcase time="0.0289999999999999" classname="sculpting" name="sample_marginals_works_as_expected"/>
    <testcase time="0.004" classname="sculpting" name="sample_marginals_works_as_expected"/>
    <testcase time="0.004" classname="sculpting" name="sample_marginals_works_as_expected"/>
    <testcase time="0.00200000000000022" classname="sculpting" name="sample_marginals_works_as_expected"/>
    <testcase time="0.0289999999999999" classname="sculpting" name="calculate_ice_data_and_generate_ice_data_works_as_expected">
      <skipped message="Reason: On CRAN ('test-sculpting.R:57:3')"/>
    </testcase>
    <testcase time="0.0379999999999998" classname="sculpting" name="calculate_pdp_data_and_generate_pdp_data_works_as_expected">
      <skipped message="Reason: On CRAN ('test-sculpting.R:109:3')"/>
    </testcase>
    <testcase time="0.0310000000000001" classname="sculpting" name="generate_ice_data_and_generate_pdp_data_with_logodds_to_prob_works_as_expected"/>
    <testcase time="0.0089999999999999" classname="sculpting" name="generate_ice_data_and_generate_pdp_data_with_logodds_to_prob_works_as_expected"/>
    <testcase time="0.113" classname="sculpting" name="sculpt_rough_works_as_expected"/>
    <testcase time="0.00100000000000033" classname="sculpting" name="sculpt_rough_works_as_expected"/>
    <testcase time="0.004" classname="sculpting" name="sculpt_rough_works_as_expected"/>
    <testcase time="0.004" classname="sculpting" name="sculpt_rough_works_as_expected"/>
    <testcase time="0.0089999999999999" classname="sculpting" name="sculpt_rough_works_as_expected">
      <skipped message="Reason: On CRAN ('test-sculpting.R:204:3')"/>
    </testcase>
    <testcase time="0.0499999999999998" classname="sculpting" name="sculpt_rough_works_with_1_2_3_variable_s_"/>
    <testcase time="0.00100000000000033" classname="sculpting" name="sculpt_rough_works_with_1_2_3_variable_s_"/>
    <testcase time="0.004" classname="sculpting" name="sculpt_rough_works_with_1_2_3_variable_s_"/>
    <testcase time="0.00299999999999967" classname="sculpting" name="sculpt_rough_works_with_1_2_3_variable_s_"/>
    <testcase time="0.00300000000000011" classname="sculpting" name="sculpt_rough_works_with_1_2_3_variable_s_"/>
    <testcase time="0.00800000000000001" classname="sculpting" name="sculpt_rough_works_with_1_2_3_variable_s_">
      <skipped message="Reason: On CRAN ('test-sculpting.R:246:3')"/>
    </testcase>
    <testcase time="0.183" classname="sculpting" name="sculpt_detailed_lm_works_as_expected"/>
    <testcase time="0.00100000000000033" classname="sculpting" name="sculpt_detailed_lm_works_as_expected"/>
    <testcase time="0.004" classname="sculpting" name="sculpt_detailed_lm_works_as_expected"/>
    <testcase time="0.00299999999999967" classname="sculpting" name="sculpt_detailed_lm_works_as_expected"/>
    <testcase time="0.0140000000000002" classname="sculpting" name="sculpt_detailed_lm_works_as_expected">
      <skipped message="Reason: On CRAN ('test-sculpting.R:308:3')"/>
    </testcase>
    <testcase time="0.25" classname="sculpting" name="sculpt_detailed_gam_works_as_expected"/>
    <testcase time="0.00099999999999989" classname="sculpting" name="sculpt_detailed_gam_works_as_expected"/>
    <testcase time="0.004" classname="sculpting" name="sculpt_detailed_gam_works_as_expected"/>
    <testcase time="0.00300000000000011" classname="sculpting" name="sculpt_detailed_gam_works_as_expected"/>
    <testcase time="0.0150000000000001" classname="sculpting" name="sculpt_detailed_gam_works_as_expected">
      <skipped message="Reason: On CRAN ('test-sculpting.R:347:3')"/>
    </testcase>
    <testcase time="0.0799999999999996" classname="sculpting" name="sculptures_work_with_one_variable"/>
    <testcase time="0.0100000000000002" classname="sculpting" name="sculptures_work_with_one_variable"/>
    <testcase time="0.102" classname="sculpting" name="sculptures_work_with_missings_flag_all_same">
      <skipped message="Reason: On CRAN ('test-sculpting.R:394:3')"/>
    </testcase>
    <testcase time="0.0820000000000003" classname="sculpting" name="sculptures_work_with_missings_flag_different_per_column">
      <skipped message="Reason: On CRAN ('test-sculpting.R:423:3')"/>
    </testcase>
    <testcase time="0.0719999999999996" classname="sculpting" name="Rough_class_is_defined_properly"/>
    <testcase time="0.00200000000000022" classname="sculpting" name="Rough_class_is_defined_properly"/>
    <testcase time="0.00300000000000011" classname="sculpting" name="Rough_class_is_defined_properly"/>
    <testcase time="0.00299999999999967" classname="sculpting" name="Rough_class_is_defined_properly"/>
    <testcase time="0.00300000000000011" classname="sculpting" name="Rough_class_is_defined_properly"/>
    <testcase time="0.00300000000000011" classname="sculpting" name="Rough_class_is_defined_properly"/>
    <testcase time="0.00300000000000011" classname="sculpting" name="Rough_class_is_defined_properly"/>
    <testcase time="0.00199999999999978" classname="sculpting" name="Rough_class_is_defined_properly"/>
    <testcase time="0.00300000000000011" classname="sculpting" name="Rough_class_is_defined_properly"/>
    <testcase time="0.00300000000000011" classname="sculpting" name="Rough_class_is_defined_properly"/>
    <testcase time="0.00299999999999967" classname="sculpting" name="Rough_class_is_defined_properly"/>
    <testcase time="0.004" classname="sculpting" name="Rough_class_is_defined_properly"/>
    <testcase time="0.00200000000000022" classname="sculpting" name="Rough_class_is_defined_properly"/>
    <testcase time="0.00300000000000011" classname="sculpting" name="Rough_class_is_defined_properly"/>
    <testcase time="0.00299999999999967" classname="sculpting" name="Rough_class_is_defined_properly"/>
    <testcase time="0.00300000000000011" classname="sculpting" name="Rough_class_is_defined_properly"/>
    <testcase time="0.012" classname="sculpting" name="Rough_class_is_defined_properly"/>
    <testcase time="0.00200000000000022" classname="sculpting" name="Rough_class_is_defined_properly"/>
    <testcase time="0.00299999999999967" classname="sculpting" name="Rough_class_is_defined_properly"/>
    <testcase time="0.00300000000000011" classname="sculpting" name="Rough_class_is_defined_properly"/>
    <testcase time="0.00300000000000011" classname="sculpting" name="Rough_class_is_defined_properly"/>
    <testcase time="0.00300000000000011" classname="sculpting" name="Rough_class_is_defined_properly"/>
    <testcase time="0.00299999999999967" classname="sculpting" name="Rough_class_is_defined_properly"/>
    <testcase time="0.00300000000000011" classname="sculpting" name="Rough_class_is_defined_properly"/>
    <testcase time="0.00300000000000011" classname="sculpting" name="Rough_class_is_defined_properly"/>
    <testcase time="0.00299999999999967" classname="sculpting" name="Rough_class_is_defined_properly"/>
    <testcase time="0.00300000000000011" classname="sculpting" name="Rough_class_is_defined_properly"/>
    <testcase time="0.00300000000000011" classname="sculpting" name="Rough_class_is_defined_properly"/>
    <testcase time="0.00300000000000011" classname="sculpting" name="Rough_class_is_defined_properly"/>
    <testcase time="0.00199999999999978" classname="sculpting" name="Rough_class_is_defined_properly"/>
    <testcase time="0.00300000000000011" classname="sculpting" name="Rough_class_is_defined_properly"/>
    <testcase time="0.00300000000000011" classname="sculpting" name="Rough_class_is_defined_properly"/>
    <testcase time="0.00300000000000011" classname="sculpting" name="Rough_class_is_defined_properly"/>
    <testcase time="0.00299999999999967" classname="sculpting" name="Rough_class_is_defined_properly"/>
    <testcase time="0.00300000000000011" classname="sculpting" name="Rough_class_is_defined_properly"/>
    <testcase time="0.004" classname="sculpting" name="Rough_class_is_defined_properly"/>
    <testcase time="0.00200000000000022" classname="sculpting" name="Rough_class_is_defined_properly"/>
    <testcase time="0.00299999999999967" classname="sculpting" name="Rough_class_is_defined_properly"/>
    <testcase time="0.00300000000000011" classname="sculpting" name="Rough_class_is_defined_properly"/>
    <testcase time="0.00300000000000011" classname="sculpting" name="Rough_class_is_defined_properly"/>
    <testcase time="0.101" classname="sculpting" name="Detailed_class_is_defined_properly"/>
    <testcase time="0.00199999999999978" classname="sculpting" name="Detailed_class_is_defined_properly"/>
    <testcase time="0.00300000000000011" classname="sculpting" name="Detailed_class_is_defined_properly"/>
    <testcase time="0.00300000000000011" classname="sculpting" name="Detailed_class_is_defined_properly"/>
    <testcase time="0.00300000000000011" classname="sculpting" name="Detailed_class_is_defined_properly"/>
    <testcase time="0.00299999999999967" classname="sculpting" name="Detailed_class_is_defined_properly"/>
    <testcase time="0.00300000000000011" classname="sculpting" name="Detailed_class_is_defined_properly"/>
    <testcase time="0.004" classname="sculpting" name="Detailed_class_is_defined_properly"/>
    <testcase time="0.00300000000000011" classname="sculpting" name="Detailed_class_is_defined_properly"/>
    <testcase time="0.00300000000000011" classname="sculpting" name="Detailed_class_is_defined_properly"/>
    <testcase time="0.00299999999999967" classname="sculpting" name="Detailed_class_is_defined_properly"/>
    <testcase time="0.00300000000000011" classname="sculpting" name="Detailed_class_is_defined_properly"/>
    <testcase time="0.00300000000000011" classname="sculpting" name="Detailed_class_is_defined_properly"/>
    <testcase time="0.004" classname="sculpting" name="Detailed_class_is_defined_properly"/>
    <testcase time="0.0110000000000001" classname="sculpting" name="Detailed_class_is_defined_properly"/>
    <testcase time="0.00299999999999967" classname="sculpting" name="Detailed_class_is_defined_properly"/>
    <testcase time="0.00300000000000011" classname="sculpting" name="Detailed_class_is_defined_properly"/>
    <testcase time="0.00300000000000011" classname="sculpting" name="Detailed_class_is_defined_properly"/>
    <testcase time="0.00300000000000011" classname="sculpting" name="Detailed_class_is_defined_properly"/>
    <testcase time="0.004" classname="sculpting" name="Detailed_class_is_defined_properly"/>
    <testcase time="0.00299999999999967" classname="sculpting" name="Detailed_class_is_defined_properly"/>
    <testcase time="0.00300000000000011" classname="sculpting" name="Detailed_class_is_defined_properly"/>
    <testcase time="0.004" classname="sculpting" name="Detailed_class_is_defined_properly"/>
    <testcase time="0.004" classname="sculpting" name="Detailed_class_is_defined_properly"/>
    <testcase time="0.00300000000000011" classname="sculpting" name="Detailed_class_is_defined_properly"/>
    <testcase time="0.00300000000000011" classname="sculpting" name="Detailed_class_is_defined_properly"/>
    <testcase time="0.00299999999999967" classname="sculpting" name="Detailed_class_is_defined_properly"/>
    <testcase time="0.004" classname="sculpting" name="Detailed_class_is_defined_properly"/>
    <testcase time="0.00300000000000011" classname="sculpting" name="Detailed_class_is_defined_properly"/>
    <testcase time="0.00300000000000011" classname="sculpting" name="Detailed_class_is_defined_properly"/>
    <testcase time="0.00300000000000011" classname="sculpting" name="Detailed_class_is_defined_properly"/>
    <testcase time="0.00299999999999967" classname="sculpting" name="Detailed_class_is_defined_properly"/>
    <testcase time="0.004" classname="sculpting" name="Detailed_class_is_defined_properly"/>
    <testcase time="0.00300000000000011" classname="sculpting" name="Detailed_class_is_defined_properly"/>
    <testcase time="0.407" classname="sculpting" name="variable_importance_plots_with_ice">
      <skipped message="Reason: empty test ('test-sculpting.R:542:1')"/>
    </testcase>
  </testsuite>
</testsuites>
