<?xml version="1.0" encoding="UTF-8"?>
<!DOCTYPE coverage SYSTEM "https://raw.githubusercontent.com/cobertura/cobertura/master/cobertura/src/site/htdocs/xml/coverage-04.dtd">
<coverage line-rate="0.958188153310105" branch-rate="0" lines-covered="1650" lines-valid="1722" branches-covered="0" branches-valid="0" complexity="0" version="3.6.5" timestamp="2025-11-10 17:51:39.722016">
  <sources>
    <source>/__w/modsculpt/modsculpt/modsculpt</source>
  </sources>
  <packages>
    <package name="modsculpt" line-rate="0.958188153310105" branch-rate="0" complexity="0">
      <classes>
        <class name="metrics.R" filename="R/metrics.R" line-rate="0.982857142857143" branch-rate="0" complexity="0">
          <methods>
            <method name="calc_dir_var_imp_pdp" signature="" line-rate="1" branch-rate="0" complexity="0">
              <lines>
                <line number="43" hits="83" branch="false"/>
                <line number="44" hits="83" branch="false"/>
                <line number="45" hits="83" branch="false"/>
                <line number="46" hits="83" branch="false"/>
                <line number="47" hits="83" branch="false"/>
                <line number="50" hits="83" branch="false"/>
                <line number="51" hits="83" branch="false"/>
                <line number="54" hits="83" branch="false"/>
                <line number="57" hits="83" branch="false"/>
                <line number="58" hits="83" branch="false"/>
                <line number="59" hits="83" branch="false"/>
                <line number="60" hits="83" branch="false"/>
                <line number="61" hits="83" branch="false"/>
                <line number="62" hits="83" branch="false"/>
                <line number="63" hits="83" branch="false"/>
                <line number="64" hits="83" branch="false"/>
                <line number="65" hits="83" branch="false"/>
                <line number="66" hits="83" branch="false"/>
                <line number="69" hits="83" branch="false"/>
                <line number="70" hits="83" branch="false"/>
              </lines>
            </method>
            <method name="calc_dir_var_imp" signature="" line-rate="1" branch-rate="0" complexity="0">
              <lines>
                <line number="76" hits="2" branch="false"/>
                <line number="77" hits="2" branch="false"/>
                <line number="78" hits="1" branch="false"/>
                <line number="80" hits="1" branch="false"/>
                <line number="81" hits="1" branch="false"/>
                <line number="82" hits="1" branch="false"/>
                <line number="83" hits="1" branch="false"/>
                <line number="84" hits="1" branch="false"/>
                <line number="85" hits="1" branch="false"/>
                <line number="86" hits="1" branch="false"/>
              </lines>
            </method>
            <method name="calc_cumul_R2_pdp" signature="" line-rate="1" branch-rate="0" complexity="0">
              <lines>
                <line number="90" hits="82" branch="false"/>
                <line number="91" hits="82" branch="false"/>
                <line number="92" hits="82" branch="false"/>
                <line number="93" hits="82" branch="false"/>
                <line number="94" hits="82" branch="false"/>
                <line number="95" hits="82" branch="false"/>
                <line number="96" hits="82" branch="false"/>
                <line number="97" hits="82" branch="false"/>
                <line number="98" hits="82" branch="false"/>
                <line number="101" hits="82" branch="false"/>
                <line number="104" hits="82" branch="false"/>
                <line number="107" hits="82" branch="false"/>
                <line number="108" hits="82" branch="false"/>
                <line number="109" hits="82" branch="false"/>
                <line number="110" hits="82" branch="false"/>
                <line number="111" hits="82" branch="false"/>
                <line number="112" hits="82" branch="false"/>
                <line number="113" hits="82" branch="false"/>
                <line number="114" hits="82" branch="false"/>
                <line number="115" hits="82" branch="false"/>
                <line number="116" hits="82" branch="false"/>
                <line number="117" hits="82" branch="false"/>
                <line number="118" hits="82" branch="false"/>
                <line number="119" hits="82" branch="false"/>
                <line number="120" hits="82" branch="false"/>
                <line number="121" hits="82" branch="false"/>
                <line number="122" hits="82" branch="false"/>
                <line number="123" hits="82" branch="false"/>
              </lines>
            </method>
            <method name="calc_cumul_R2" signature="" line-rate="1" branch-rate="0" complexity="0">
              <lines>
                <line number="130" hits="2" branch="false"/>
                <line number="131" hits="2" branch="false"/>
                <line number="132" hits="1" branch="false"/>
                <line number="134" hits="1" branch="false"/>
                <line number="136" hits="1" branch="false"/>
                <line number="137" hits="1" branch="false"/>
                <line number="138" hits="1" branch="false"/>
                <line number="139" hits="1" branch="false"/>
                <line number="141" hits="1" branch="false"/>
                <line number="143" hits="1" branch="false"/>
                <line number="144" hits="1" branch="false"/>
                <line number="145" hits="1" branch="false"/>
                <line number="146" hits="1" branch="false"/>
                <line number="147" hits="1" branch="false"/>
                <line number="148" hits="1" branch="false"/>
              </lines>
            </method>
            <method name="calc_range_pdp" signature="" line-rate="1" branch-rate="0" complexity="0">
              <lines>
                <line number="154" hits="76" branch="false"/>
                <line number="155" hits="76" branch="false"/>
                <line number="156" hits="76" branch="false"/>
                <line number="157" hits="76" branch="false"/>
                <line number="160" hits="76" branch="false"/>
                <line number="162" hits="76" branch="false"/>
                <line number="163" hits="76" branch="false"/>
                <line number="164" hits="76" branch="false"/>
                <line number="165" hits="76" branch="false"/>
                <line number="166" hits="76" branch="false"/>
                <line number="167" hits="76" branch="false"/>
                <line number="168" hits="76" branch="false"/>
                <line number="170" hits="76" branch="false"/>
              </lines>
            </method>
            <method name="remove_missing" signature="" line-rate="1" branch-rate="0" complexity="0">
              <lines>
                <line number="288" hits="7" branch="false"/>
                <line number="289" hits="7" branch="false"/>
              </lines>
            </method>
            <method name="score_log_loss" signature="" line-rate="1" branch-rate="0" complexity="0">
              <lines>
                <line number="295" hits="14" branch="false"/>
                <line number="296" hits="14" branch="false"/>
                <line number="297" hits="14" branch="false"/>
                <line number="298" hits="14" branch="false"/>
                <line number="299" hits="14" branch="false"/>
                <line number="300" hits="14" branch="false"/>
                <line number="301" hits="1" branch="false"/>
                <line number="302" hits="1" branch="false"/>
                <line number="303" hits="1" branch="false"/>
                <line number="305" hits="14" branch="false"/>
              </lines>
            </method>
            <method name="score_quadratic" signature="" line-rate="1" branch-rate="0" complexity="0">
              <lines>
                <line number="311" hits="733" branch="false"/>
                <line number="312" hits="733" branch="false"/>
                <line number="313" hits="733" branch="false"/>
                <line number="314" hits="733" branch="false"/>
                <line number="315" hits="733" branch="false"/>
                <line number="316" hits="733" branch="false"/>
                <line number="317" hits="1" branch="false"/>
                <line number="318" hits="1" branch="false"/>
                <line number="319" hits="1" branch="false"/>
                <line number="321" hits="733" branch="false"/>
              </lines>
            </method>
            <method name="check_score_fun" signature="" line-rate="0.75" branch-rate="0" complexity="0">
              <lines>
                <line number="327" hits="247" branch="false"/>
                <line number="328" hits="245" branch="false"/>
                <line number="329" hits="2" branch="false"/>
                <line number="330" hits="2" branch="false"/>
                <line number="332" hits="0" branch="false"/>
                <line number="334" hits="246" branch="false"/>
                <line number="335" hits="246" branch="false"/>
                <line number="336" hits="0" branch="false"/>
              </lines>
            </method>
            <method name="metrics_unc" signature="" line-rate="1" branch-rate="0" complexity="0">
              <lines>
                <line number="344" hits="2" branch="false"/>
                <line number="345" hits="2" branch="false"/>
                <line number="346" hits="1" branch="false"/>
                <line number="347" hits="1" branch="false"/>
                <line number="349" hits="2" branch="false"/>
              </lines>
            </method>
            <method name="metrics_R2" signature="" line-rate="1" branch-rate="0" complexity="0">
              <lines>
                <line number="355" hits="233" branch="false"/>
                <line number="356" hits="233" branch="false"/>
                <line number="357" hits="1" branch="false"/>
                <line number="358" hits="1" branch="false"/>
                <line number="359" hits="1" branch="false"/>
                <line number="361" hits="233" branch="false"/>
                <line number="362" hits="233" branch="false"/>
                <line number="363" hits="233" branch="false"/>
              </lines>
            </method>
            <method name="metrics_fit_calib" signature="" line-rate="0.923076923076923" branch-rate="0" complexity="0">
              <lines>
                <line number="370" hits="5" branch="false"/>
                <line number="371" hits="5" branch="false"/>
                <line number="372" hits="5" branch="false"/>
                <line number="373" hits="1" branch="false"/>
                <line number="374" hits="0" branch="false"/>
                <line number="376" hits="4" branch="false"/>
                <line number="378" hits="5" branch="false"/>
                <line number="379" hits="5" branch="false"/>
                <line number="380" hits="5" branch="false"/>
                <line number="381" hits="5" branch="false"/>
                <line number="382" hits="5" branch="false"/>
                <line number="383" hits="5" branch="false"/>
                <line number="384" hits="5" branch="false"/>
              </lines>
            </method>
            <method name="metrics_DI" signature="" line-rate="1" branch-rate="0" complexity="0">
              <lines>
                <line number="390" hits="4" branch="false"/>
                <line number="391" hits="4" branch="false"/>
                <line number="392" hits="1" branch="false"/>
                <line number="393" hits="1" branch="false"/>
                <line number="394" hits="1" branch="false"/>
                <line number="396" hits="4" branch="false"/>
                <line number="397" hits="4" branch="false"/>
                <line number="398" hits="4" branch="false"/>
                <line number="399" hits="4" branch="false"/>
                <line number="400" hits="4" branch="false"/>
              </lines>
            </method>
            <method name="metrics_MI" signature="" line-rate="1" branch-rate="0" complexity="0">
              <lines>
                <line number="406" hits="5" branch="false"/>
                <line number="407" hits="5" branch="false"/>
                <line number="408" hits="1" branch="false"/>
                <line number="409" hits="1" branch="false"/>
                <line number="410" hits="1" branch="false"/>
                <line number="411" hits="1" branch="false"/>
                <line number="413" hits="5" branch="false"/>
                <line number="414" hits="5" branch="false"/>
                <line number="415" hits="5" branch="false"/>
                <line number="416" hits="5" branch="false"/>
                <line number="417" hits="5" branch="false"/>
              </lines>
            </method>
            <method name="metrics_r2" signature="" line-rate="1" branch-rate="0" complexity="0">
              <lines>
                <line number="424" hits="4" branch="false"/>
                <line number="425" hits="1" branch="false"/>
                <line number="426" hits="1" branch="false"/>
                <line number="427" hits="1" branch="false"/>
                <line number="428" hits="1" branch="false"/>
                <line number="429" hits="3" branch="false"/>
                <line number="430" hits="1" branch="false"/>
                <line number="432" hits="3" branch="false"/>
                <line number="433" hits="3" branch="false"/>
                <line number="434" hits="3" branch="false"/>
                <line number="435" hits="1" branch="false"/>
                <line number="437" hits="3" branch="false"/>
              </lines>
            </method>
          </methods>
          <lines>
            <line number="43" hits="83" branch="false"/>
            <line number="44" hits="83" branch="false"/>
            <line number="45" hits="83" branch="false"/>
            <line number="46" hits="83" branch="false"/>
            <line number="47" hits="83" branch="false"/>
            <line number="50" hits="83" branch="false"/>
            <line number="51" hits="83" branch="false"/>
            <line number="54" hits="83" branch="false"/>
            <line number="57" hits="83" branch="false"/>
            <line number="58" hits="83" branch="false"/>
            <line number="59" hits="83" branch="false"/>
            <line number="60" hits="83" branch="false"/>
            <line number="61" hits="83" branch="false"/>
            <line number="62" hits="83" branch="false"/>
            <line number="63" hits="83" branch="false"/>
            <line number="64" hits="83" branch="false"/>
            <line number="65" hits="83" branch="false"/>
            <line number="66" hits="83" branch="false"/>
            <line number="69" hits="83" branch="false"/>
            <line number="70" hits="83" branch="false"/>
            <line number="76" hits="2" branch="false"/>
            <line number="77" hits="2" branch="false"/>
            <line number="78" hits="1" branch="false"/>
            <line number="80" hits="1" branch="false"/>
            <line number="81" hits="1" branch="false"/>
            <line number="82" hits="1" branch="false"/>
            <line number="83" hits="1" branch="false"/>
            <line number="84" hits="1" branch="false"/>
            <line number="85" hits="1" branch="false"/>
            <line number="86" hits="1" branch="false"/>
            <line number="90" hits="82" branch="false"/>
            <line number="91" hits="82" branch="false"/>
            <line number="92" hits="82" branch="false"/>
            <line number="93" hits="82" branch="false"/>
            <line number="94" hits="82" branch="false"/>
            <line number="95" hits="82" branch="false"/>
            <line number="96" hits="82" branch="false"/>
            <line number="97" hits="82" branch="false"/>
            <line number="98" hits="82" branch="false"/>
            <line number="101" hits="82" branch="false"/>
            <line number="104" hits="82" branch="false"/>
            <line number="107" hits="82" branch="false"/>
            <line number="108" hits="82" branch="false"/>
            <line number="109" hits="82" branch="false"/>
            <line number="110" hits="82" branch="false"/>
            <line number="111" hits="82" branch="false"/>
            <line number="112" hits="82" branch="false"/>
            <line number="113" hits="82" branch="false"/>
            <line number="114" hits="82" branch="false"/>
            <line number="115" hits="82" branch="false"/>
            <line number="116" hits="82" branch="false"/>
            <line number="117" hits="82" branch="false"/>
            <line number="118" hits="82" branch="false"/>
            <line number="119" hits="82" branch="false"/>
            <line number="120" hits="82" branch="false"/>
            <line number="121" hits="82" branch="false"/>
            <line number="122" hits="82" branch="false"/>
            <line number="123" hits="82" branch="false"/>
            <line number="130" hits="2" branch="false"/>
            <line number="131" hits="2" branch="false"/>
            <line number="132" hits="1" branch="false"/>
            <line number="134" hits="1" branch="false"/>
            <line number="136" hits="1" branch="false"/>
            <line number="137" hits="1" branch="false"/>
            <line number="138" hits="1" branch="false"/>
            <line number="139" hits="1" branch="false"/>
            <line number="141" hits="1" branch="false"/>
            <line number="143" hits="1" branch="false"/>
            <line number="144" hits="1" branch="false"/>
            <line number="145" hits="1" branch="false"/>
            <line number="146" hits="1" branch="false"/>
            <line number="147" hits="1" branch="false"/>
            <line number="148" hits="1" branch="false"/>
            <line number="154" hits="76" branch="false"/>
            <line number="155" hits="76" branch="false"/>
            <line number="156" hits="76" branch="false"/>
            <line number="157" hits="76" branch="false"/>
            <line number="160" hits="76" branch="false"/>
            <line number="162" hits="76" branch="false"/>
            <line number="163" hits="76" branch="false"/>
            <line number="164" hits="76" branch="false"/>
            <line number="165" hits="76" branch="false"/>
            <line number="166" hits="76" branch="false"/>
            <line number="167" hits="76" branch="false"/>
            <line number="168" hits="76" branch="false"/>
            <line number="170" hits="76" branch="false"/>
            <line number="288" hits="7" branch="false"/>
            <line number="289" hits="7" branch="false"/>
            <line number="295" hits="14" branch="false"/>
            <line number="296" hits="14" branch="false"/>
            <line number="297" hits="14" branch="false"/>
            <line number="298" hits="14" branch="false"/>
            <line number="299" hits="14" branch="false"/>
            <line number="300" hits="14" branch="false"/>
            <line number="301" hits="1" branch="false"/>
            <line number="302" hits="1" branch="false"/>
            <line number="303" hits="1" branch="false"/>
            <line number="305" hits="14" branch="false"/>
            <line number="311" hits="733" branch="false"/>
            <line number="312" hits="733" branch="false"/>
            <line number="313" hits="733" branch="false"/>
            <line number="314" hits="733" branch="false"/>
            <line number="315" hits="733" branch="false"/>
            <line number="316" hits="733" branch="false"/>
            <line number="317" hits="1" branch="false"/>
            <line number="318" hits="1" branch="false"/>
            <line number="319" hits="1" branch="false"/>
            <line number="321" hits="733" branch="false"/>
            <line number="327" hits="247" branch="false"/>
            <line number="328" hits="245" branch="false"/>
            <line number="329" hits="2" branch="false"/>
            <line number="330" hits="2" branch="false"/>
            <line number="332" hits="0" branch="false"/>
            <line number="334" hits="246" branch="false"/>
            <line number="335" hits="246" branch="false"/>
            <line number="336" hits="0" branch="false"/>
            <line number="344" hits="2" branch="false"/>
            <line number="345" hits="2" branch="false"/>
            <line number="346" hits="1" branch="false"/>
            <line number="347" hits="1" branch="false"/>
            <line number="349" hits="2" branch="false"/>
            <line number="355" hits="233" branch="false"/>
            <line number="356" hits="233" branch="false"/>
            <line number="357" hits="1" branch="false"/>
            <line number="358" hits="1" branch="false"/>
            <line number="359" hits="1" branch="false"/>
            <line number="361" hits="233" branch="false"/>
            <line number="362" hits="233" branch="false"/>
            <line number="363" hits="233" branch="false"/>
            <line number="370" hits="5" branch="false"/>
            <line number="371" hits="5" branch="false"/>
            <line number="372" hits="5" branch="false"/>
            <line number="373" hits="1" branch="false"/>
            <line number="374" hits="0" branch="false"/>
            <line number="376" hits="4" branch="false"/>
            <line number="378" hits="5" branch="false"/>
            <line number="379" hits="5" branch="false"/>
            <line number="380" hits="5" branch="false"/>
            <line number="381" hits="5" branch="false"/>
            <line number="382" hits="5" branch="false"/>
            <line number="383" hits="5" branch="false"/>
            <line number="384" hits="5" branch="false"/>
            <line number="390" hits="4" branch="false"/>
            <line number="391" hits="4" branch="false"/>
            <line number="392" hits="1" branch="false"/>
            <line number="393" hits="1" branch="false"/>
            <line number="394" hits="1" branch="false"/>
            <line number="396" hits="4" branch="false"/>
            <line number="397" hits="4" branch="false"/>
            <line number="398" hits="4" branch="false"/>
            <line number="399" hits="4" branch="false"/>
            <line number="400" hits="4" branch="false"/>
            <line number="406" hits="5" branch="false"/>
            <line number="407" hits="5" branch="false"/>
            <line number="408" hits="1" branch="false"/>
            <line number="409" hits="1" branch="false"/>
            <line number="410" hits="1" branch="false"/>
            <line number="411" hits="1" branch="false"/>
            <line number="413" hits="5" branch="false"/>
            <line number="414" hits="5" branch="false"/>
            <line number="415" hits="5" branch="false"/>
            <line number="416" hits="5" branch="false"/>
            <line number="417" hits="5" branch="false"/>
            <line number="424" hits="4" branch="false"/>
            <line number="425" hits="1" branch="false"/>
            <line number="426" hits="1" branch="false"/>
            <line number="427" hits="1" branch="false"/>
            <line number="428" hits="1" branch="false"/>
            <line number="429" hits="3" branch="false"/>
            <line number="430" hits="1" branch="false"/>
            <line number="432" hits="3" branch="false"/>
            <line number="433" hits="3" branch="false"/>
            <line number="434" hits="3" branch="false"/>
            <line number="435" hits="1" branch="false"/>
            <line number="437" hits="3" branch="false"/>
          </lines>
        </class>
        <class name="plots_density.R" filename="R/plots_density.R" line-rate="0.921428571428571" branch-rate="0" complexity="0">
          <methods>
            <method name="calc_ice_quantile" signature="" line-rate="1" branch-rate="0" complexity="0">
              <lines>
                <line number="19" hits="6" branch="false"/>
                <line number="20" hits="6" branch="false"/>
                <line number="23" hits="6" branch="false"/>
                <line number="27" hits="6" branch="false"/>
                <line number="29" hits="6" branch="false"/>
                <line number="30" hits="6" branch="false"/>
                <line number="32" hits="6" branch="false"/>
                <line number="34" hits="6" branch="false"/>
                <line number="36" hits="6" branch="false"/>
                <line number="39" hits="6" branch="false"/>
                <line number="40" hits="6" branch="false"/>
                <line number="41" hits="6" branch="false"/>
                <line number="42" hits="6" branch="false"/>
                <line number="43" hits="6" branch="false"/>
                <line number="48" hits="6" branch="false"/>
                <line number="50" hits="6" branch="false"/>
                <line number="51" hits="6" branch="false"/>
                <line number="54" hits="6" branch="false"/>
                <line number="55" hits="6" branch="false"/>
                <line number="56" hits="6" branch="false"/>
                <line number="57" hits="6" branch="false"/>
                <line number="58" hits="6" branch="false"/>
                <line number="61" hits="6" branch="false"/>
                <line number="62" hits="1" branch="false"/>
                <line number="65" hits="6" branch="false"/>
              </lines>
            </method>
            <method name="calc_density" signature="" line-rate="1" branch-rate="0" complexity="0">
              <lines>
                <line number="84" hits="6" branch="false"/>
                <line number="85" hits="6" branch="false"/>
                <line number="88" hits="6" branch="false"/>
                <line number="89" hits="6" branch="false"/>
                <line number="96" hits="6" branch="false"/>
                <line number="97" hits="6" branch="false"/>
                <line number="99" hits="6" branch="false"/>
                <line number="100" hits="6" branch="false"/>
                <line number="102" hits="6" branch="false"/>
                <line number="103" hits="6" branch="false"/>
                <line number="104" hits="6" branch="false"/>
                <line number="105" hits="6" branch="false"/>
                <line number="106" hits="6" branch="false"/>
                <line number="107" hits="6" branch="false"/>
                <line number="108" hits="6" branch="false"/>
                <line number="111" hits="6" branch="false"/>
                <line number="112" hits="6" branch="false"/>
                <line number="113" hits="6" branch="false"/>
                <line number="116" hits="6" branch="false"/>
                <line number="118" hits="6" branch="false"/>
              </lines>
            </method>
            <method name="expand_range" signature="" line-rate="1" branch-rate="0" complexity="0">
              <lines>
                <line number="134" hits="17" branch="false"/>
                <line number="136" hits="17" branch="false"/>
                <line number="137" hits="16" branch="false"/>
                <line number="138" hits="16" branch="false"/>
                <line number="141" hits="17" branch="false"/>
              </lines>
            </method>
            <method name="g_density_ice_plot" signature="" line-rate="0.857142857142857" branch-rate="0" complexity="0">
              <lines>
                <line number="203" hits="4" branch="false"/>
                <line number="204" hits="4" branch="false"/>
                <line number="205" hits="4" branch="false"/>
                <line number="206" hits="4" branch="false"/>
                <line number="207" hits="4" branch="false"/>
                <line number="208" hits="4" branch="false"/>
                <line number="210" hits="4" branch="false"/>
                <line number="213" hits="4" branch="false"/>
                <line number="215" hits="4" branch="false"/>
                <line number="216" hits="4" branch="false"/>
                <line number="219" hits="4" branch="false"/>
                <line number="221" hits="4" branch="false"/>
                <line number="222" hits="4" branch="false"/>
                <line number="224" hits="4" branch="false"/>
                <line number="225" hits="0" branch="false"/>
                <line number="228" hits="4" branch="false"/>
                <line number="229" hits="4" branch="false"/>
                <line number="230" hits="4" branch="false"/>
                <line number="231" hits="4" branch="false"/>
                <line number="233" hits="4" branch="false"/>
                <line number="234" hits="0" branch="false"/>
                <line number="235" hits="0" branch="false"/>
                <line number="238" hits="4" branch="false"/>
                <line number="239" hits="4" branch="false"/>
                <line number="240" hits="4" branch="false"/>
                <line number="241" hits="4" branch="false"/>
                <line number="242" hits="4" branch="false"/>
                <line number="244" hits="4" branch="false"/>
                <line number="245" hits="4" branch="false"/>
                <line number="246" hits="0" branch="false"/>
                <line number="248" hits="4" branch="false"/>
                <line number="250" hits="4" branch="false"/>
                <line number="252" hits="4" branch="false"/>
                <line number="253" hits="4" branch="false"/>
                <line number="254" hits="4" branch="false"/>
                <line number="255" hits="4" branch="false"/>
                <line number="257" hits="4" branch="false"/>
                <line number="258" hits="4" branch="false"/>
                <line number="259" hits="4" branch="false"/>
                <line number="260" hits="4" branch="false"/>
                <line number="261" hits="4" branch="false"/>
                <line number="262" hits="4" branch="false"/>
                <line number="263" hits="4" branch="false"/>
                <line number="264" hits="4" branch="false"/>
                <line number="265" hits="4" branch="false"/>
                <line number="266" hits="4" branch="false"/>
                <line number="267" hits="4" branch="false"/>
                <line number="268" hits="4" branch="false"/>
                <line number="269" hits="4" branch="false"/>
                <line number="270" hits="4" branch="false"/>
                <line number="271" hits="4" branch="false"/>
                <line number="272" hits="4" branch="false"/>
                <line number="273" hits="4" branch="false"/>
                <line number="274" hits="4" branch="false"/>
                <line number="275" hits="4" branch="false"/>
                <line number="276" hits="4" branch="false"/>
                <line number="277" hits="4" branch="false"/>
                <line number="278" hits="4" branch="false"/>
                <line number="279" hits="4" branch="false"/>
                <line number="280" hits="4" branch="false"/>
                <line number="281" hits="4" branch="false"/>
                <line number="282" hits="4" branch="false"/>
                <line number="283" hits="4" branch="false"/>
                <line number="284" hits="4" branch="false"/>
                <line number="285" hits="4" branch="false"/>
                <line number="286" hits="4" branch="false"/>
                <line number="287" hits="4" branch="false"/>
                <line number="288" hits="4" branch="false"/>
                <line number="291" hits="4" branch="false"/>
                <line number="292" hits="0" branch="false"/>
                <line number="293" hits="0" branch="false"/>
                <line number="294" hits="0" branch="false"/>
                <line number="295" hits="0" branch="false"/>
                <line number="296" hits="0" branch="false"/>
                <line number="297" hits="0" branch="false"/>
                <line number="298" hits="0" branch="false"/>
                <line number="301" hits="4" branch="false"/>
              </lines>
            </method>
            <method name="g_density_ice_plot_list" signature="" line-rate="1" branch-rate="0" complexity="0">
              <lines>
                <line number="316" hits="1" branch="false"/>
                <line number="317" hits="1" branch="false"/>
                <line number="318" hits="1" branch="false"/>
                <line number="319" hits="1" branch="false"/>
                <line number="320" hits="1" branch="false"/>
                <line number="321" hits="1" branch="false"/>
                <line number="323" hits="1" branch="false"/>
                <line number="325" hits="1" branch="false"/>
                <line number="326" hits="1" branch="false"/>
                <line number="328" hits="1" branch="false"/>
                <line number="329" hits="2" branch="false"/>
                <line number="330" hits="2" branch="false"/>
                <line number="333" hits="1" branch="false"/>
              </lines>
            </method>
          </methods>
          <lines>
            <line number="19" hits="6" branch="false"/>
            <line number="20" hits="6" branch="false"/>
            <line number="23" hits="6" branch="false"/>
            <line number="27" hits="6" branch="false"/>
            <line number="29" hits="6" branch="false"/>
            <line number="30" hits="6" branch="false"/>
            <line number="32" hits="6" branch="false"/>
            <line number="34" hits="6" branch="false"/>
            <line number="36" hits="6" branch="false"/>
            <line number="39" hits="6" branch="false"/>
            <line number="40" hits="6" branch="false"/>
            <line number="41" hits="6" branch="false"/>
            <line number="42" hits="6" branch="false"/>
            <line number="43" hits="6" branch="false"/>
            <line number="48" hits="6" branch="false"/>
            <line number="50" hits="6" branch="false"/>
            <line number="51" hits="6" branch="false"/>
            <line number="54" hits="6" branch="false"/>
            <line number="55" hits="6" branch="false"/>
            <line number="56" hits="6" branch="false"/>
            <line number="57" hits="6" branch="false"/>
            <line number="58" hits="6" branch="false"/>
            <line number="61" hits="6" branch="false"/>
            <line number="62" hits="1" branch="false"/>
            <line number="65" hits="6" branch="false"/>
            <line number="84" hits="6" branch="false"/>
            <line number="85" hits="6" branch="false"/>
            <line number="88" hits="6" branch="false"/>
            <line number="89" hits="6" branch="false"/>
            <line number="96" hits="6" branch="false"/>
            <line number="97" hits="6" branch="false"/>
            <line number="99" hits="6" branch="false"/>
            <line number="100" hits="6" branch="false"/>
            <line number="102" hits="6" branch="false"/>
            <line number="103" hits="6" branch="false"/>
            <line number="104" hits="6" branch="false"/>
            <line number="105" hits="6" branch="false"/>
            <line number="106" hits="6" branch="false"/>
            <line number="107" hits="6" branch="false"/>
            <line number="108" hits="6" branch="false"/>
            <line number="111" hits="6" branch="false"/>
            <line number="112" hits="6" branch="false"/>
            <line number="113" hits="6" branch="false"/>
            <line number="116" hits="6" branch="false"/>
            <line number="118" hits="6" branch="false"/>
            <line number="134" hits="17" branch="false"/>
            <line number="136" hits="17" branch="false"/>
            <line number="137" hits="16" branch="false"/>
            <line number="138" hits="16" branch="false"/>
            <line number="141" hits="17" branch="false"/>
            <line number="203" hits="4" branch="false"/>
            <line number="204" hits="4" branch="false"/>
            <line number="205" hits="4" branch="false"/>
            <line number="206" hits="4" branch="false"/>
            <line number="207" hits="4" branch="false"/>
            <line number="208" hits="4" branch="false"/>
            <line number="210" hits="4" branch="false"/>
            <line number="213" hits="4" branch="false"/>
            <line number="215" hits="4" branch="false"/>
            <line number="216" hits="4" branch="false"/>
            <line number="219" hits="4" branch="false"/>
            <line number="221" hits="4" branch="false"/>
            <line number="222" hits="4" branch="false"/>
            <line number="224" hits="4" branch="false"/>
            <line number="225" hits="0" branch="false"/>
            <line number="228" hits="4" branch="false"/>
            <line number="229" hits="4" branch="false"/>
            <line number="230" hits="4" branch="false"/>
            <line number="231" hits="4" branch="false"/>
            <line number="233" hits="4" branch="false"/>
            <line number="234" hits="0" branch="false"/>
            <line number="235" hits="0" branch="false"/>
            <line number="238" hits="4" branch="false"/>
            <line number="239" hits="4" branch="false"/>
            <line number="240" hits="4" branch="false"/>
            <line number="241" hits="4" branch="false"/>
            <line number="242" hits="4" branch="false"/>
            <line number="244" hits="4" branch="false"/>
            <line number="245" hits="4" branch="false"/>
            <line number="246" hits="0" branch="false"/>
            <line number="248" hits="4" branch="false"/>
            <line number="250" hits="4" branch="false"/>
            <line number="252" hits="4" branch="false"/>
            <line number="253" hits="4" branch="false"/>
            <line number="254" hits="4" branch="false"/>
            <line number="255" hits="4" branch="false"/>
            <line number="257" hits="4" branch="false"/>
            <line number="258" hits="4" branch="false"/>
            <line number="259" hits="4" branch="false"/>
            <line number="260" hits="4" branch="false"/>
            <line number="261" hits="4" branch="false"/>
            <line number="262" hits="4" branch="false"/>
            <line number="263" hits="4" branch="false"/>
            <line number="264" hits="4" branch="false"/>
            <line number="265" hits="4" branch="false"/>
            <line number="266" hits="4" branch="false"/>
            <line number="267" hits="4" branch="false"/>
            <line number="268" hits="4" branch="false"/>
            <line number="269" hits="4" branch="false"/>
            <line number="270" hits="4" branch="false"/>
            <line number="271" hits="4" branch="false"/>
            <line number="272" hits="4" branch="false"/>
            <line number="273" hits="4" branch="false"/>
            <line number="274" hits="4" branch="false"/>
            <line number="275" hits="4" branch="false"/>
            <line number="276" hits="4" branch="false"/>
            <line number="277" hits="4" branch="false"/>
            <line number="278" hits="4" branch="false"/>
            <line number="279" hits="4" branch="false"/>
            <line number="280" hits="4" branch="false"/>
            <line number="281" hits="4" branch="false"/>
            <line number="282" hits="4" branch="false"/>
            <line number="283" hits="4" branch="false"/>
            <line number="284" hits="4" branch="false"/>
            <line number="285" hits="4" branch="false"/>
            <line number="286" hits="4" branch="false"/>
            <line number="287" hits="4" branch="false"/>
            <line number="288" hits="4" branch="false"/>
            <line number="291" hits="4" branch="false"/>
            <line number="292" hits="0" branch="false"/>
            <line number="293" hits="0" branch="false"/>
            <line number="294" hits="0" branch="false"/>
            <line number="295" hits="0" branch="false"/>
            <line number="296" hits="0" branch="false"/>
            <line number="297" hits="0" branch="false"/>
            <line number="298" hits="0" branch="false"/>
            <line number="301" hits="4" branch="false"/>
            <line number="316" hits="1" branch="false"/>
            <line number="317" hits="1" branch="false"/>
            <line number="318" hits="1" branch="false"/>
            <line number="319" hits="1" branch="false"/>
            <line number="320" hits="1" branch="false"/>
            <line number="321" hits="1" branch="false"/>
            <line number="323" hits="1" branch="false"/>
            <line number="325" hits="1" branch="false"/>
            <line number="326" hits="1" branch="false"/>
            <line number="328" hits="1" branch="false"/>
            <line number="329" hits="2" branch="false"/>
            <line number="330" hits="2" branch="false"/>
            <line number="333" hits="1" branch="false"/>
          </lines>
        </class>
        <class name="plots_var_imp.R" filename="R/plots_var_imp.R" line-rate="0.941176470588235" branch-rate="0" complexity="0">
          <methods>
            <method name="g_pdp" signature="" line-rate="0.647058823529412" branch-rate="0" complexity="0">
              <lines>
                <line number="3" hits="2" branch="false"/>
                <line number="4" hits="0" branch="false"/>
                <line number="5" hits="0" branch="false"/>
                <line number="6" hits="0" branch="false"/>
                <line number="7" hits="0" branch="false"/>
                <line number="8" hits="0" branch="false"/>
                <line number="9" hits="0" branch="false"/>
                <line number="11" hits="2" branch="false"/>
                <line number="12" hits="2" branch="false"/>
                <line number="13" hits="2" branch="false"/>
                <line number="14" hits="2" branch="false"/>
                <line number="15" hits="2" branch="false"/>
                <line number="18" hits="2" branch="false"/>
                <line number="19" hits="2" branch="false"/>
                <line number="20" hits="2" branch="false"/>
                <line number="21" hits="2" branch="false"/>
                <line number="23" hits="2" branch="false"/>
              </lines>
            </method>
            <method name="g_imp_abs" signature="" line-rate="1" branch-rate="0" complexity="0">
              <lines>
                <line number="27" hits="1" branch="false"/>
                <line number="28" hits="1" branch="false"/>
                <line number="30" hits="1" branch="false"/>
                <line number="31" hits="1" branch="false"/>
                <line number="32" hits="1" branch="false"/>
                <line number="33" hits="1" branch="false"/>
                <line number="34" hits="1" branch="false"/>
                <line number="35" hits="1" branch="false"/>
                <line number="36" hits="1" branch="false"/>
                <line number="37" hits="1" branch="false"/>
                <line number="38" hits="1" branch="false"/>
                <line number="39" hits="1" branch="false"/>
                <line number="40" hits="1" branch="false"/>
                <line number="41" hits="1" branch="false"/>
                <line number="42" hits="1" branch="false"/>
                <line number="43" hits="1" branch="false"/>
                <line number="44" hits="1" branch="false"/>
                <line number="45" hits="1" branch="false"/>
                <line number="46" hits="1" branch="false"/>
                <line number="47" hits="1" branch="false"/>
                <line number="48" hits="1" branch="false"/>
                <line number="49" hits="1" branch="false"/>
                <line number="50" hits="1" branch="false"/>
                <line number="51" hits="1" branch="false"/>
                <line number="52" hits="1" branch="false"/>
              </lines>
            </method>
            <method name="g_imp_norm" signature="" line-rate="1" branch-rate="0" complexity="0">
              <lines>
                <line number="56" hits="6" branch="false"/>
                <line number="57" hits="6" branch="false"/>
                <line number="58" hits="6" branch="false"/>
                <line number="59" hits="6" branch="false"/>
                <line number="60" hits="6" branch="false"/>
                <line number="61" hits="6" branch="false"/>
                <line number="62" hits="6" branch="false"/>
                <line number="63" hits="6" branch="false"/>
                <line number="64" hits="6" branch="false"/>
                <line number="65" hits="6" branch="false"/>
                <line number="66" hits="6" branch="false"/>
                <line number="67" hits="6" branch="false"/>
                <line number="68" hits="6" branch="false"/>
                <line number="69" hits="6" branch="false"/>
                <line number="70" hits="6" branch="false"/>
                <line number="71" hits="6" branch="false"/>
                <line number="72" hits="6" branch="false"/>
                <line number="73" hits="6" branch="false"/>
                <line number="74" hits="6" branch="false"/>
                <line number="75" hits="6" branch="false"/>
              </lines>
            </method>
            <method name="g_imp_ice" signature="" line-rate="1" branch-rate="0" complexity="0">
              <lines>
                <line number="79" hits="4" branch="false"/>
                <line number="80" hits="4" branch="false"/>
                <line number="81" hits="4" branch="false"/>
                <line number="82" hits="4" branch="false"/>
                <line number="83" hits="4" branch="false"/>
                <line number="84" hits="4" branch="false"/>
                <line number="85" hits="4" branch="false"/>
                <line number="86" hits="4" branch="false"/>
                <line number="87" hits="4" branch="false"/>
                <line number="88" hits="4" branch="false"/>
                <line number="89" hits="4" branch="false"/>
                <line number="90" hits="4" branch="false"/>
                <line number="91" hits="4" branch="false"/>
                <line number="92" hits="4" branch="false"/>
                <line number="93" hits="4" branch="false"/>
                <line number="94" hits="4" branch="false"/>
                <line number="95" hits="4" branch="false"/>
                <line number="96" hits="4" branch="false"/>
                <line number="97" hits="4" branch="false"/>
              </lines>
            </method>
            <method name="g_cumulR2" signature="" line-rate="1" branch-rate="0" complexity="0">
              <lines>
                <line number="101" hits="11" branch="false"/>
                <line number="102" hits="11" branch="false"/>
                <line number="103" hits="11" branch="false"/>
                <line number="104" hits="11" branch="false"/>
                <line number="105" hits="11" branch="false"/>
                <line number="106" hits="11" branch="false"/>
                <line number="107" hits="11" branch="false"/>
                <line number="108" hits="11" branch="false"/>
                <line number="109" hits="11" branch="false"/>
                <line number="110" hits="11" branch="false"/>
                <line number="111" hits="11" branch="false"/>
                <line number="112" hits="11" branch="false"/>
                <line number="113" hits="11" branch="false"/>
                <line number="114" hits="11" branch="false"/>
                <line number="115" hits="11" branch="false"/>
                <line number="116" hits="11" branch="false"/>
                <line number="117" hits="11" branch="false"/>
                <line number="118" hits="11" branch="false"/>
                <line number="119" hits="11" branch="false"/>
                <line number="120" hits="11" branch="false"/>
                <line number="121" hits="11" branch="false"/>
              </lines>
            </method>
          </methods>
          <lines>
            <line number="3" hits="2" branch="false"/>
            <line number="4" hits="0" branch="false"/>
            <line number="5" hits="0" branch="false"/>
            <line number="6" hits="0" branch="false"/>
            <line number="7" hits="0" branch="false"/>
            <line number="8" hits="0" branch="false"/>
            <line number="9" hits="0" branch="false"/>
            <line number="11" hits="2" branch="false"/>
            <line number="12" hits="2" branch="false"/>
            <line number="13" hits="2" branch="false"/>
            <line number="14" hits="2" branch="false"/>
            <line number="15" hits="2" branch="false"/>
            <line number="18" hits="2" branch="false"/>
            <line number="19" hits="2" branch="false"/>
            <line number="20" hits="2" branch="false"/>
            <line number="21" hits="2" branch="false"/>
            <line number="23" hits="2" branch="false"/>
            <line number="27" hits="1" branch="false"/>
            <line number="28" hits="1" branch="false"/>
            <line number="30" hits="1" branch="false"/>
            <line number="31" hits="1" branch="false"/>
            <line number="32" hits="1" branch="false"/>
            <line number="33" hits="1" branch="false"/>
            <line number="34" hits="1" branch="false"/>
            <line number="35" hits="1" branch="false"/>
            <line number="36" hits="1" branch="false"/>
            <line number="37" hits="1" branch="false"/>
            <line number="38" hits="1" branch="false"/>
            <line number="39" hits="1" branch="false"/>
            <line number="40" hits="1" branch="false"/>
            <line number="41" hits="1" branch="false"/>
            <line number="42" hits="1" branch="false"/>
            <line number="43" hits="1" branch="false"/>
            <line number="44" hits="1" branch="false"/>
            <line number="45" hits="1" branch="false"/>
            <line number="46" hits="1" branch="false"/>
            <line number="47" hits="1" branch="false"/>
            <line number="48" hits="1" branch="false"/>
            <line number="49" hits="1" branch="false"/>
            <line number="50" hits="1" branch="false"/>
            <line number="51" hits="1" branch="false"/>
            <line number="52" hits="1" branch="false"/>
            <line number="56" hits="6" branch="false"/>
            <line number="57" hits="6" branch="false"/>
            <line number="58" hits="6" branch="false"/>
            <line number="59" hits="6" branch="false"/>
            <line number="60" hits="6" branch="false"/>
            <line number="61" hits="6" branch="false"/>
            <line number="62" hits="6" branch="false"/>
            <line number="63" hits="6" branch="false"/>
            <line number="64" hits="6" branch="false"/>
            <line number="65" hits="6" branch="false"/>
            <line number="66" hits="6" branch="false"/>
            <line number="67" hits="6" branch="false"/>
            <line number="68" hits="6" branch="false"/>
            <line number="69" hits="6" branch="false"/>
            <line number="70" hits="6" branch="false"/>
            <line number="71" hits="6" branch="false"/>
            <line number="72" hits="6" branch="false"/>
            <line number="73" hits="6" branch="false"/>
            <line number="74" hits="6" branch="false"/>
            <line number="75" hits="6" branch="false"/>
            <line number="79" hits="4" branch="false"/>
            <line number="80" hits="4" branch="false"/>
            <line number="81" hits="4" branch="false"/>
            <line number="82" hits="4" branch="false"/>
            <line number="83" hits="4" branch="false"/>
            <line number="84" hits="4" branch="false"/>
            <line number="85" hits="4" branch="false"/>
            <line number="86" hits="4" branch="false"/>
            <line number="87" hits="4" branch="false"/>
            <line number="88" hits="4" branch="false"/>
            <line number="89" hits="4" branch="false"/>
            <line number="90" hits="4" branch="false"/>
            <line number="91" hits="4" branch="false"/>
            <line number="92" hits="4" branch="false"/>
            <line number="93" hits="4" branch="false"/>
            <line number="94" hits="4" branch="false"/>
            <line number="95" hits="4" branch="false"/>
            <line number="96" hits="4" branch="false"/>
            <line number="97" hits="4" branch="false"/>
            <line number="101" hits="11" branch="false"/>
            <line number="102" hits="11" branch="false"/>
            <line number="103" hits="11" branch="false"/>
            <line number="104" hits="11" branch="false"/>
            <line number="105" hits="11" branch="false"/>
            <line number="106" hits="11" branch="false"/>
            <line number="107" hits="11" branch="false"/>
            <line number="108" hits="11" branch="false"/>
            <line number="109" hits="11" branch="false"/>
            <line number="110" hits="11" branch="false"/>
            <line number="111" hits="11" branch="false"/>
            <line number="112" hits="11" branch="false"/>
            <line number="113" hits="11" branch="false"/>
            <line number="114" hits="11" branch="false"/>
            <line number="115" hits="11" branch="false"/>
            <line number="116" hits="11" branch="false"/>
            <line number="117" hits="11" branch="false"/>
            <line number="118" hits="11" branch="false"/>
            <line number="119" hits="11" branch="false"/>
            <line number="120" hits="11" branch="false"/>
            <line number="121" hits="11" branch="false"/>
          </lines>
        </class>
        <class name="plots.R" filename="R/plots.R" line-rate="0.947735191637631" branch-rate="0" complexity="0">
          <methods>
            <method name="ms_color" signature="" line-rate="1" branch-rate="0" complexity="0">
              <lines>
                <line number="5" hits="7" branch="false"/>
                <line number="6" hits="4" branch="false"/>
                <line number="8" hits="3" branch="false"/>
              </lines>
            </method>
            <method name="facet_specification" signature="" line-rate="1" branch-rate="0" complexity="0">
              <lines>
                <line number="44" hits="19" branch="false"/>
                <line number="45" hits="19" branch="false"/>
                <line number="46" hits="19" branch="false"/>
                <line number="47" hits="19" branch="false"/>
                <line number="49" hits="19" branch="false"/>
                <line number="50" hits="19" branch="false"/>
                <line number="51" hits="19" branch="false"/>
                <line number="52" hits="19" branch="false"/>
                <line number="54" hits="19" branch="false"/>
                <line number="55" hits="19" branch="false"/>
                <line number="57" hits="18" branch="false"/>
                <line number="58" hits="18" branch="false"/>
                <line number="59" hits="18" branch="false"/>
                <line number="60" hits="18" branch="false"/>
                <line number="62" hits="18" branch="false"/>
                <line number="63" hits="18" branch="false"/>
                <line number="64" hits="18" branch="false"/>
                <line number="65" hits="18" branch="false"/>
                <line number="67" hits="18" branch="false"/>
                <line number="68" hits="18" branch="false"/>
                <line number="70" hits="18" branch="false"/>
                <line number="71" hits="1" branch="false"/>
                <line number="74" hits="17" branch="false"/>
                <line number="75" hits="17" branch="false"/>
                <line number="76" hits="17" branch="false"/>
                <line number="77" hits="17" branch="false"/>
                <line number="78" hits="17" branch="false"/>
                <line number="80" hits="17" branch="false"/>
              </lines>
            </method>
            <method name="resolve_facet_specification" signature="" line-rate="1" branch-rate="0" complexity="0">
              <lines>
                <line number="86" hits="14" branch="false"/>
                <line number="87" hits="14" branch="false"/>
                <line number="90" hits="14" branch="false"/>
                <line number="91" hits="13" branch="false"/>
                <line number="93" hits="14" branch="false"/>
                <line number="94" hits="14" branch="false"/>
                <line number="95" hits="14" branch="false"/>
                <line number="96" hits="14" branch="false"/>
                <line number="97" hits="14" branch="false"/>
                <line number="100" hits="13" branch="false"/>
                <line number="103" hits="13" branch="false"/>
                <line number="104" hits="13" branch="false"/>
                <line number="105" hits="13" branch="false"/>
                <line number="106" hits="13" branch="false"/>
                <line number="109" hits="13" branch="false"/>
                <line number="110" hits="13" branch="false"/>
                <line number="112" hits="13" branch="false"/>
                <line number="113" hits="13" branch="false"/>
                <line number="114" hits="13" branch="false"/>
                <line number="115" hits="13" branch="false"/>
                <line number="116" hits="13" branch="false"/>
                <line number="117" hits="13" branch="false"/>
                <line number="118" hits="13" branch="false"/>
                <line number="119" hits="13" branch="false"/>
                <line number="120" hits="13" branch="false"/>
              </lines>
            </method>
            <method name="resolve_facet_sort" signature="" line-rate="0.6" branch-rate="0" complexity="0">
              <lines>
                <line number="125" hits="13" branch="false"/>
                <line number="126" hits="12" branch="false"/>
                <line number="127" hits="1" branch="false"/>
                <line number="128" hits="1" branch="false"/>
                <line number="129" hits="1" branch="false"/>
                <line number="130" hits="0" branch="false"/>
                <line number="131" hits="0" branch="false"/>
                <line number="132" hits="0" branch="false"/>
                <line number="134" hits="0" branch="false"/>
                <line number="136" hits="13" branch="false"/>
              </lines>
            </method>
            <method name="resolve_facet_subset_topk" signature="" line-rate="0.928571428571429" branch-rate="0" complexity="0">
              <lines>
                <line number="140" hits="13" branch="false"/>
                <line number="141" hits="13" branch="false"/>
                <line number="142" hits="13" branch="false"/>
                <line number="143" hits="13" branch="false"/>
                <line number="144" hits="13" branch="false"/>
                <line number="145" hits="2" branch="false"/>
                <line number="146" hits="11" branch="false"/>
                <line number="147" hits="0" branch="false"/>
                <line number="149" hits="11" branch="false"/>
                <line number="151" hits="13" branch="false"/>
                <line number="152" hits="13" branch="false"/>
                <line number="153" hits="13" branch="false"/>
                <line number="154" hits="13" branch="false"/>
                <line number="155" hits="13" branch="false"/>
              </lines>
            </method>
            <method name="resolve_facet_ncol" signature="" line-rate="1" branch-rate="0" complexity="0">
              <lines>
                <line number="159" hits="14" branch="false"/>
                <line number="160" hits="14" branch="false"/>
                <line number="161" hits="14" branch="false"/>
                <line number="162" hits="13" branch="false"/>
                <line number="163" hits="13" branch="false"/>
                <line number="165" hits="1" branch="false"/>
                <line number="166" hits="1" branch="false"/>
                <line number="168" hits="14" branch="false"/>
              </lines>
            </method>
            <method name="resolve_y_limits" signature="" line-rate="0.833333333333333" branch-rate="0" complexity="0">
              <lines>
                <line number="174" hits="12" branch="false"/>
                <line number="175" hits="0" branch="false"/>
                <line number="177" hits="12" branch="false"/>
                <line number="178" hits="12" branch="false"/>
                <line number="179" hits="12" branch="false"/>
                <line number="180" hits="12" branch="false"/>
              </lines>
            </method>
            <method name="missings_specification" signature="" line-rate="1" branch-rate="0" complexity="0">
              <lines>
                <line number="219" hits="17" branch="false"/>
                <line number="220" hits="17" branch="false"/>
                <line number="221" hits="17" branch="false"/>
                <line number="222" hits="17" branch="false"/>
                <line number="223" hits="17" branch="false"/>
                <line number="224" hits="17" branch="false"/>
                <line number="225" hits="17" branch="false"/>
                <line number="226" hits="17" branch="false"/>
                <line number="227" hits="17" branch="false"/>
                <line number="228" hits="1" branch="false"/>
                <line number="230" hits="16" branch="false"/>
                <line number="231" hits="1" branch="false"/>
                <line number="233" hits="15" branch="false"/>
                <line number="234" hits="1" branch="false"/>
                <line number="236" hits="14" branch="false"/>
                <line number="237" hits="14" branch="false"/>
                <line number="238" hits="14" branch="false"/>
              </lines>
            </method>
            <method name="resolve_missings_specification" signature="" line-rate="1" branch-rate="0" complexity="0">
              <lines>
                <line number="242" hits="13" branch="false"/>
                <line number="243" hits="8" branch="false"/>
                <line number="247" hits="5" branch="false"/>
                <line number="250" hits="5" branch="false"/>
                <line number="251" hits="3" branch="false"/>
                <line number="253" hits="2" branch="false"/>
                <line number="255" hits="5" branch="false"/>
                <line number="256" hits="5" branch="false"/>
                <line number="257" hits="5" branch="false"/>
                <line number="258" hits="5" branch="false"/>
                <line number="261" hits="5" branch="false"/>
                <line number="262" hits="3" branch="false"/>
                <line number="264" hits="5" branch="false"/>
              </lines>
            </method>
            <method name="g_var_imp" signature="" line-rate="0.958620689655172" branch-rate="0" complexity="0">
              <lines>
                <line number="331" hits="11" branch="false"/>
                <line number="332" hits="11" branch="false"/>
                <line number="333" hits="11" branch="false"/>
                <line number="334" hits="11" branch="false"/>
                <line number="335" hits="11" branch="false"/>
                <line number="336" hits="11" branch="false"/>
                <line number="338" hits="11" branch="false"/>
                <line number="339" hits="2" branch="false"/>
                <line number="341" hits="9" branch="false"/>
                <line number="344" hits="11" branch="false"/>
                <line number="345" hits="11" branch="false"/>
                <line number="347" hits="11" branch="false"/>
                <line number="349" hits="11" branch="false"/>
                <line number="350" hits="11" branch="false"/>
                <line number="351" hits="11" branch="false"/>
                <line number="352" hits="11" branch="false"/>
                <line number="355" hits="11" branch="false"/>
                <line number="356" hits="11" branch="false"/>
                <line number="357" hits="11" branch="false"/>
                <line number="359" hits="11" branch="false"/>
                <line number="361" hits="4" branch="false"/>
                <line number="362" hits="4" branch="false"/>
                <line number="363" hits="4" branch="false"/>
                <line number="364" hits="4" branch="false"/>
                <line number="365" hits="4" branch="false"/>
                <line number="368" hits="4" branch="false"/>
                <line number="371" hits="4" branch="false"/>
                <line number="372" hits="4" branch="false"/>
                <line number="375" hits="4" branch="false"/>
                <line number="376" hits="4" branch="false"/>
                <line number="377" hits="4" branch="false"/>
                <line number="378" hits="4" branch="false"/>
                <line number="379" hits="4" branch="false"/>
                <line number="380" hits="4" branch="false"/>
                <line number="383" hits="7" branch="false"/>
                <line number="384" hits="7" branch="false"/>
                <line number="387" hits="7" branch="false"/>
                <line number="390" hits="7" branch="false"/>
                <line number="391" hits="1" branch="false"/>
                <line number="392" hits="1" branch="false"/>
                <line number="393" hits="1" branch="false"/>
                <line number="394" hits="1" branch="false"/>
                <line number="395" hits="1" branch="false"/>
                <line number="400" hits="11" branch="false"/>
                <line number="401" hits="1" branch="false"/>
                <line number="402" hits="1" branch="false"/>
                <line number="403" hits="1" branch="false"/>
                <line number="404" hits="1" branch="false"/>
                <line number="405" hits="1" branch="false"/>
                <line number="406" hits="0" branch="false"/>
                <line number="407" hits="0" branch="false"/>
                <line number="412" hits="11" branch="false"/>
                <line number="414" hits="2" branch="false"/>
                <line number="415" hits="2" branch="false"/>
                <line number="416" hits="0" branch="false"/>
                <line number="417" hits="0" branch="false"/>
                <line number="418" hits="0" branch="false"/>
                <line number="419" hits="0" branch="false"/>
                <line number="422" hits="2" branch="false"/>
                <line number="423" hits="2" branch="false"/>
                <line number="425" hits="9" branch="false"/>
                <line number="429" hits="11" branch="false"/>
                <line number="430" hits="5" branch="false"/>
                <line number="431" hits="6" branch="false"/>
                <line number="432" hits="1" branch="false"/>
                <line number="433" hits="5" branch="false"/>
                <line number="434" hits="2" branch="false"/>
                <line number="435" hits="1" branch="false"/>
                <line number="438" hits="1" branch="false"/>
                <line number="439" hits="1" branch="false"/>
                <line number="440" hits="1" branch="false"/>
                <line number="441" hits="1" branch="false"/>
                <line number="442" hits="1" branch="false"/>
                <line number="443" hits="1" branch="false"/>
                <line number="444" hits="1" branch="false"/>
                <line number="445" hits="1" branch="false"/>
                <line number="446" hits="1" branch="false"/>
                <line number="447" hits="1" branch="false"/>
                <line number="448" hits="1" branch="false"/>
                <line number="449" hits="1" branch="false"/>
                <line number="450" hits="1" branch="false"/>
                <line number="452" hits="1" branch="false"/>
                <line number="454" hits="1" branch="false"/>
                <line number="456" hits="1" branch="false"/>
                <line number="458" hits="1" branch="false"/>
                <line number="459" hits="3" branch="false"/>
                <line number="460" hits="3" branch="false"/>
                <line number="461" hits="3" branch="false"/>
                <line number="462" hits="3" branch="false"/>
                <line number="463" hits="3" branch="false"/>
                <line number="464" hits="3" branch="false"/>
                <line number="465" hits="3" branch="false"/>
                <line number="466" hits="3" branch="false"/>
                <line number="467" hits="3" branch="false"/>
                <line number="469" hits="3" branch="false"/>
                <line number="470" hits="3" branch="false"/>
                <line number="471" hits="3" branch="false"/>
                <line number="472" hits="3" branch="false"/>
                <line number="473" hits="3" branch="false"/>
                <line number="474" hits="3" branch="false"/>
                <line number="475" hits="3" branch="false"/>
                <line number="476" hits="3" branch="false"/>
                <line number="477" hits="3" branch="false"/>
                <line number="478" hits="3" branch="false"/>
                <line number="479" hits="3" branch="false"/>
                <line number="480" hits="3" branch="false"/>
                <line number="481" hits="3" branch="false"/>
                <line number="482" hits="3" branch="false"/>
                <line number="483" hits="3" branch="false"/>
                <line number="486" hits="3" branch="false"/>
                <line number="488" hits="3" branch="false"/>
                <line number="490" hits="3" branch="false"/>
                <line number="492" hits="3" branch="false"/>
                <line number="495" hits="10" branch="false"/>
                <line number="496" hits="2" branch="false"/>
                <line number="498" hits="8" branch="false"/>
                <line number="502" hits="10" branch="false"/>
                <line number="505" hits="10" branch="false"/>
                <line number="506" hits="2" branch="false"/>
                <line number="507" hits="2" branch="false"/>
                <line number="508" hits="2" branch="false"/>
                <line number="509" hits="2" branch="false"/>
                <line number="510" hits="2" branch="false"/>
                <line number="511" hits="2" branch="false"/>
                <line number="512" hits="2" branch="false"/>
                <line number="513" hits="2" branch="false"/>
                <line number="514" hits="2" branch="false"/>
                <line number="515" hits="2" branch="false"/>
                <line number="516" hits="2" branch="false"/>
                <line number="517" hits="2" branch="false"/>
                <line number="518" hits="2" branch="false"/>
                <line number="519" hits="2" branch="false"/>
                <line number="520" hits="2" branch="false"/>
                <line number="522" hits="8" branch="false"/>
                <line number="523" hits="8" branch="false"/>
                <line number="524" hits="8" branch="false"/>
                <line number="525" hits="8" branch="false"/>
                <line number="526" hits="8" branch="false"/>
                <line number="527" hits="8" branch="false"/>
                <line number="528" hits="8" branch="false"/>
                <line number="529" hits="8" branch="false"/>
                <line number="530" hits="8" branch="false"/>
                <line number="531" hits="8" branch="false"/>
                <line number="532" hits="8" branch="false"/>
                <line number="535" hits="10" branch="false"/>
              </lines>
            </method>
            <method name="g_additivity" signature="" line-rate="0.984126984126984" branch-rate="0" complexity="0">
              <lines>
                <line number="579" hits="3" branch="false"/>
                <line number="580" hits="3" branch="false"/>
                <line number="581" hits="3" branch="false"/>
                <line number="582" hits="3" branch="false"/>
                <line number="583" hits="3" branch="false"/>
                <line number="584" hits="1" branch="false"/>
                <line number="587" hits="3" branch="false"/>
                <line number="588" hits="3" branch="false"/>
                <line number="589" hits="3" branch="false"/>
                <line number="590" hits="3" branch="false"/>
                <line number="591" hits="3" branch="false"/>
                <line number="592" hits="2" branch="false"/>
                <line number="593" hits="2" branch="false"/>
                <line number="594" hits="2" branch="false"/>
                <line number="595" hits="2" branch="false"/>
                <line number="597" hits="1" branch="false"/>
                <line number="600" hits="3" branch="false"/>
                <line number="601" hits="3" branch="false"/>
                <line number="602" hits="3" branch="false"/>
                <line number="603" hits="3" branch="false"/>
                <line number="604" hits="3" branch="false"/>
                <line number="605" hits="1" branch="false"/>
                <line number="606" hits="1" branch="false"/>
                <line number="608" hits="0" branch="false"/>
                <line number="612" hits="3" branch="false"/>
                <line number="613" hits="3" branch="false"/>
                <line number="616" hits="3" branch="false"/>
                <line number="617" hits="3" branch="false"/>
                <line number="618" hits="3" branch="false"/>
                <line number="619" hits="3" branch="false"/>
                <line number="620" hits="3" branch="false"/>
                <line number="621" hits="3" branch="false"/>
                <line number="622" hits="3" branch="false"/>
                <line number="623" hits="3" branch="false"/>
                <line number="624" hits="3" branch="false"/>
                <line number="627" hits="3" branch="false"/>
                <line number="628" hits="3" branch="false"/>
                <line number="629" hits="3" branch="false"/>
                <line number="630" hits="3" branch="false"/>
                <line number="631" hits="3" branch="false"/>
                <line number="634" hits="3" branch="false"/>
                <line number="635" hits="3" branch="false"/>
                <line number="636" hits="3" branch="false"/>
                <line number="637" hits="3" branch="false"/>
                <line number="638" hits="3" branch="false"/>
                <line number="639" hits="3" branch="false"/>
                <line number="641" hits="3" branch="false"/>
                <line number="642" hits="3" branch="false"/>
                <line number="643" hits="3" branch="false"/>
                <line number="644" hits="3" branch="false"/>
                <line number="645" hits="3" branch="false"/>
                <line number="646" hits="3" branch="false"/>
                <line number="647" hits="3" branch="false"/>
                <line number="648" hits="3" branch="false"/>
                <line number="649" hits="3" branch="false"/>
                <line number="650" hits="3" branch="false"/>
                <line number="651" hits="3" branch="false"/>
                <line number="652" hits="3" branch="false"/>
                <line number="653" hits="3" branch="false"/>
                <line number="654" hits="3" branch="false"/>
                <line number="656" hits="3" branch="false"/>
                <line number="657" hits="1" branch="false"/>
                <line number="659" hits="2" branch="false"/>
              </lines>
            </method>
            <method name="g_ice" signature="" line-rate="0.932584269662921" branch-rate="0" complexity="0">
              <lines>
                <line number="708" hits="6" branch="false"/>
                <line number="709" hits="6" branch="false"/>
                <line number="710" hits="6" branch="false"/>
                <line number="711" hits="6" branch="false"/>
                <line number="712" hits="6" branch="false"/>
                <line number="713" hits="6" branch="false"/>
                <line number="714" hits="6" branch="false"/>
                <line number="715" hits="6" branch="false"/>
                <line number="718" hits="6" branch="false"/>
                <line number="719" hits="6" branch="false"/>
                <line number="720" hits="6" branch="false"/>
                <line number="721" hits="2" branch="false"/>
                <line number="722" hits="4" branch="false"/>
                <line number="723" hits="0" branch="false"/>
                <line number="724" hits="0" branch="false"/>
                <line number="725" hits="0" branch="false"/>
                <line number="726" hits="0" branch="false"/>
                <line number="727" hits="0" branch="false"/>
                <line number="728" hits="0" branch="false"/>
                <line number="730" hits="4" branch="false"/>
                <line number="733" hits="6" branch="false"/>
                <line number="734" hits="1" branch="false"/>
                <line number="738" hits="5" branch="false"/>
                <line number="741" hits="5" branch="false"/>
                <line number="742" hits="5" branch="false"/>
                <line number="745" hits="5" branch="false"/>
                <line number="746" hits="5" branch="false"/>
                <line number="747" hits="5" branch="false"/>
                <line number="749" hits="5" branch="false"/>
                <line number="752" hits="5" branch="false"/>
                <line number="754" hits="4" branch="false"/>
                <line number="755" hits="4" branch="false"/>
                <line number="756" hits="4" branch="false"/>
                <line number="757" hits="4" branch="false"/>
                <line number="758" hits="4" branch="false"/>
                <line number="759" hits="4" branch="false"/>
                <line number="760" hits="4" branch="false"/>
                <line number="761" hits="4" branch="false"/>
                <line number="762" hits="4" branch="false"/>
                <line number="763" hits="4" branch="false"/>
                <line number="764" hits="4" branch="false"/>
                <line number="765" hits="4" branch="false"/>
                <line number="766" hits="4" branch="false"/>
                <line number="767" hits="4" branch="false"/>
                <line number="768" hits="4" branch="false"/>
                <line number="771" hits="4" branch="false"/>
[...]
            <line number="298" hits="34" branch="false"/>
            <line number="299" hits="34" branch="false"/>
            <line number="300" hits="34" branch="false"/>
            <line number="301" hits="34" branch="false"/>
            <line number="304" hits="34" branch="false"/>
            <line number="307" hits="34" branch="false"/>
            <line number="310" hits="34" branch="false"/>
            <line number="311" hits="34" branch="false"/>
            <line number="312" hits="34" branch="false"/>
            <line number="313" hits="34" branch="false"/>
            <line number="314" hits="34" branch="false"/>
            <line number="315" hits="34" branch="false"/>
            <line number="316" hits="34" branch="false"/>
            <line number="317" hits="34" branch="false"/>
            <line number="318" hits="34" branch="false"/>
            <line number="319" hits="17" branch="false"/>
            <line number="320" hits="17" branch="false"/>
            <line number="321" hits="17" branch="false"/>
            <line number="322" hits="17" branch="false"/>
            <line number="323" hits="17" branch="false"/>
            <line number="324" hits="17" branch="false"/>
            <line number="325" hits="17" branch="false"/>
            <line number="326" hits="17" branch="false"/>
            <line number="327" hits="34" branch="false"/>
            <line number="329" hits="34" branch="false"/>
            <line number="330" hits="34" branch="false"/>
            <line number="331" hits="34" branch="false"/>
            <line number="332" hits="34" branch="false"/>
            <line number="333" hits="34" branch="false"/>
            <line number="334" hits="34" branch="false"/>
            <line number="335" hits="34" branch="false"/>
            <line number="336" hits="34" branch="false"/>
            <line number="337" hits="34" branch="false"/>
            <line number="338" hits="34" branch="false"/>
            <line number="340" hits="34" branch="false"/>
            <line number="341" hits="34" branch="false"/>
            <line number="342" hits="34" branch="false"/>
            <line number="345" hits="34" branch="false"/>
            <line number="346" hits="34" branch="false"/>
            <line number="347" hits="34" branch="false"/>
            <line number="348" hits="34" branch="false"/>
            <line number="351" hits="34" branch="false"/>
            <line number="352" hits="34" branch="false"/>
            <line number="355" hits="34" branch="false"/>
            <line number="356" hits="34" branch="false"/>
            <line number="357" hits="34" branch="false"/>
            <line number="358" hits="34" branch="false"/>
            <line number="359" hits="34" branch="false"/>
            <line number="360" hits="34" branch="false"/>
            <line number="363" hits="34" branch="false"/>
            <line number="365" hits="34" branch="false"/>
            <line number="366" hits="34" branch="false"/>
            <line number="367" hits="34" branch="false"/>
            <line number="369" hits="34" branch="false"/>
            <line number="503" hits="25" branch="false"/>
            <line number="504" hits="25" branch="false"/>
            <line number="505" hits="25" branch="false"/>
            <line number="506" hits="25" branch="false"/>
            <line number="507" hits="25" branch="false"/>
            <line number="508" hits="25" branch="false"/>
            <line number="509" hits="25" branch="false"/>
            <line number="510" hits="25" branch="false"/>
            <line number="511" hits="25" branch="false"/>
            <line number="512" hits="25" branch="false"/>
            <line number="513" hits="25" branch="false"/>
            <line number="514" hits="25" branch="false"/>
            <line number="515" hits="25" branch="false"/>
            <line number="516" hits="25" branch="false"/>
            <line number="517" hits="25" branch="false"/>
            <line number="518" hits="25" branch="false"/>
            <line number="519" hits="25" branch="false"/>
            <line number="520" hits="25" branch="false"/>
            <line number="521" hits="1" branch="false"/>
            <line number="522" hits="1" branch="false"/>
            <line number="523" hits="24" branch="false"/>
            <line number="524" hits="1" branch="false"/>
            <line number="525" hits="1" branch="false"/>
            <line number="527" hits="25" branch="false"/>
            <line number="528" hits="25" branch="false"/>
            <line number="531" hits="25" branch="false"/>
            <line number="533" hits="25" branch="false"/>
            <line number="534" hits="25" branch="false"/>
            <line number="536" hits="25" branch="false"/>
            <line number="537" hits="25" branch="false"/>
            <line number="538" hits="3" branch="false"/>
            <line number="539" hits="3" branch="false"/>
            <line number="540" hits="25" branch="false"/>
            <line number="541" hits="0" branch="false"/>
            <line number="542" hits="0" branch="false"/>
            <line number="543" hits="25" branch="false"/>
            <line number="544" hits="25" branch="false"/>
            <line number="545" hits="25" branch="false"/>
            <line number="548" hits="25" branch="false"/>
            <line number="549" hits="25" branch="false"/>
            <line number="552" hits="25" branch="false"/>
            <line number="555" hits="25" branch="false"/>
            <line number="556" hits="25" branch="false"/>
            <line number="557" hits="25" branch="false"/>
            <line number="558" hits="25" branch="false"/>
            <line number="559" hits="25" branch="false"/>
            <line number="560" hits="25" branch="false"/>
            <line number="561" hits="25" branch="false"/>
            <line number="564" hits="25" branch="false"/>
            <line number="565" hits="25" branch="false"/>
            <line number="566" hits="25" branch="false"/>
            <line number="567" hits="25" branch="false"/>
            <line number="570" hits="25" branch="false"/>
            <line number="571" hits="25" branch="false"/>
            <line number="572" hits="25" branch="false"/>
            <line number="573" hits="25" branch="false"/>
            <line number="574" hits="25" branch="false"/>
            <line number="575" hits="25" branch="false"/>
            <line number="576" hits="25" branch="false"/>
            <line number="577" hits="25" branch="false"/>
            <line number="578" hits="25" branch="false"/>
            <line number="579" hits="25" branch="false"/>
            <line number="581" hits="25" branch="false"/>
            <line number="584" hits="25" branch="false"/>
            <line number="585" hits="25" branch="false"/>
            <line number="586" hits="0" branch="false"/>
            <line number="587" hits="25" branch="false"/>
            <line number="589" hits="25" branch="false"/>
            <line number="590" hits="25" branch="false"/>
            <line number="591" hits="25" branch="false"/>
            <line number="592" hits="25" branch="false"/>
            <line number="593" hits="25" branch="false"/>
            <line number="594" hits="25" branch="false"/>
            <line number="595" hits="25" branch="false"/>
            <line number="596" hits="25" branch="false"/>
            <line number="598" hits="25" branch="false"/>
            <line number="599" hits="25" branch="false"/>
            <line number="600" hits="25" branch="false"/>
            <line number="603" hits="25" branch="false"/>
            <line number="604" hits="25" branch="false"/>
            <line number="605" hits="25" branch="false"/>
            <line number="606" hits="25" branch="false"/>
            <line number="609" hits="25" branch="false"/>
            <line number="610" hits="25" branch="false"/>
            <line number="613" hits="25" branch="false"/>
            <line number="614" hits="25" branch="false"/>
            <line number="615" hits="25" branch="false"/>
            <line number="616" hits="25" branch="false"/>
            <line number="617" hits="25" branch="false"/>
            <line number="618" hits="25" branch="false"/>
            <line number="621" hits="25" branch="false"/>
            <line number="623" hits="25" branch="false"/>
            <line number="624" hits="25" branch="false"/>
            <line number="625" hits="25" branch="false"/>
            <line number="627" hits="25" branch="false"/>
            <line number="632" hits="26" branch="false"/>
            <line number="633" hits="26" branch="false"/>
            <line number="634" hits="21" branch="false"/>
            <line number="635" hits="21" branch="false"/>
            <line number="636" hits="21" branch="false"/>
            <line number="637" hits="6" branch="false"/>
            <line number="638" hits="6" branch="false"/>
            <line number="639" hits="6" branch="false"/>
            <line number="640" hits="2" branch="false"/>
            <line number="641" hits="0" branch="false"/>
            <line number="642" hits="6" branch="false"/>
            <line number="643" hits="2" branch="false"/>
            <line number="644" hits="6" branch="false"/>
            <line number="645" hits="6" branch="false"/>
            <line number="646" hits="6" branch="false"/>
            <line number="647" hits="21" branch="false"/>
            <line number="648" hits="21" branch="false"/>
            <line number="650" hits="5" branch="false"/>
            <line number="651" hits="5" branch="false"/>
            <line number="652" hits="5" branch="false"/>
            <line number="653" hits="2" branch="false"/>
            <line number="654" hits="1" branch="false"/>
            <line number="655" hits="5" branch="false"/>
            <line number="656" hits="1" branch="false"/>
            <line number="657" hits="1" branch="false"/>
            <line number="658" hits="1" branch="false"/>
            <line number="659" hits="1" branch="false"/>
            <line number="660" hits="5" branch="false"/>
            <line number="661" hits="5" branch="false"/>
            <line number="662" hits="5" branch="false"/>
            <line number="667" hits="54" branch="false"/>
            <line number="668" hits="54" branch="false"/>
            <line number="669" hits="54" branch="false"/>
            <line number="670" hits="54" branch="false"/>
            <line number="671" hits="54" branch="false"/>
            <line number="672" hits="1" branch="false"/>
            <line number="673" hits="1" branch="false"/>
            <line number="674" hits="1" branch="false"/>
            <line number="675" hits="1" branch="false"/>
            <line number="676" hits="1" branch="false"/>
            <line number="677" hits="1" branch="false"/>
            <line number="678" hits="54" branch="false"/>
            <line number="679" hits="0" branch="false"/>
            <line number="680" hits="54" branch="false"/>
            <line number="681" hits="54" branch="false"/>
            <line number="682" hits="54" branch="false"/>
            <line number="720" hits="7" branch="false"/>
            <line number="721" hits="7" branch="false"/>
            <line number="722" hits="7" branch="false"/>
            <line number="723" hits="7" branch="false"/>
            <line number="724" hits="7" branch="false"/>
            <line number="725" hits="7" branch="false"/>
            <line number="726" hits="7" branch="false"/>
            <line number="727" hits="7" branch="false"/>
            <line number="734" hits="52" branch="false"/>
            <line number="735" hits="52" branch="false"/>
            <line number="736" hits="52" branch="false"/>
            <line number="737" hits="1" branch="false"/>
            <line number="738" hits="0" branch="false"/>
            <line number="739" hits="52" branch="false"/>
            <line number="740" hits="1" branch="false"/>
            <line number="741" hits="1" branch="false"/>
            <line number="742" hits="1" branch="false"/>
            <line number="743" hits="1" branch="false"/>
            <line number="744" hits="52" branch="false"/>
            <line number="745" hits="52" branch="false"/>
            <line number="746" hits="52" branch="false"/>
            <line number="750" hits="130" branch="false"/>
            <line number="751" hits="130" branch="false"/>
            <line number="752" hits="130" branch="false"/>
            <line number="753" hits="130" branch="false"/>
            <line number="754" hits="130" branch="false"/>
            <line number="755" hits="2" branch="false"/>
            <line number="756" hits="1" branch="false"/>
            <line number="757" hits="1" branch="false"/>
            <line number="758" hits="1" branch="false"/>
            <line number="759" hits="1" branch="false"/>
            <line number="760" hits="1" branch="false"/>
            <line number="761" hits="130" branch="false"/>
            <line number="762" hits="1" branch="false"/>
            <line number="763" hits="130" branch="false"/>
            <line number="764" hits="130" branch="false"/>
            <line number="765" hits="130" branch="false"/>
            <line number="803" hits="18" branch="false"/>
            <line number="804" hits="18" branch="false"/>
            <line number="805" hits="18" branch="false"/>
            <line number="806" hits="18" branch="false"/>
            <line number="807" hits="18" branch="false"/>
            <line number="808" hits="18" branch="false"/>
            <line number="809" hits="18" branch="false"/>
            <line number="851" hits="17" branch="false"/>
            <line number="852" hits="17" branch="false"/>
            <line number="853" hits="17" branch="false"/>
            <line number="854" hits="17" branch="false"/>
            <line number="855" hits="17" branch="false"/>
            <line number="857" hits="17" branch="false"/>
            <line number="858" hits="1" branch="false"/>
            <line number="859" hits="1" branch="false"/>
            <line number="860" hits="16" branch="false"/>
            <line number="861" hits="16" branch="false"/>
            <line number="862" hits="16" branch="false"/>
            <line number="865" hits="17" branch="false"/>
            <line number="866" hits="17" branch="false"/>
            <line number="867" hits="17" branch="false"/>
            <line number="870" hits="17" branch="false"/>
            <line number="871" hits="17" branch="false"/>
            <line number="872" hits="17" branch="false"/>
            <line number="873" hits="17" branch="false"/>
            <line number="876" hits="17" branch="false"/>
            <line number="877" hits="17" branch="false"/>
            <line number="880" hits="17" branch="false"/>
            <line number="881" hits="17" branch="false"/>
            <line number="882" hits="17" branch="false"/>
            <line number="883" hits="17" branch="false"/>
            <line number="884" hits="17" branch="false"/>
            <line number="885" hits="17" branch="false"/>
            <line number="888" hits="17" branch="false"/>
            <line number="890" hits="17" branch="false"/>
            <line number="891" hits="17" branch="false"/>
            <line number="892" hits="17" branch="false"/>
            <line number="894" hits="17" branch="false"/>
            <line number="903" hits="128" branch="false"/>
            <line number="904" hits="128" branch="false"/>
            <line number="905" hits="128" branch="false"/>
            <line number="906" hits="128" branch="false"/>
            <line number="907" hits="128" branch="false"/>
            <line number="910" hits="128" branch="false"/>
            <line number="913" hits="128" branch="false"/>
            <line number="916" hits="128" branch="false"/>
            <line number="919" hits="128" branch="false"/>
            <line number="920" hits="128" branch="false"/>
            <line number="923" hits="128" branch="false"/>
            <line number="924" hits="128" branch="false"/>
            <line number="925" hits="128" branch="false"/>
            <line number="927" hits="128" branch="false"/>
            <line number="928" hits="128" branch="false"/>
            <line number="929" hits="128" branch="false"/>
            <line number="930" hits="128" branch="false"/>
            <line number="931" hits="128" branch="false"/>
            <line number="936" hits="43" branch="false"/>
            <line number="937" hits="0" branch="false"/>
            <line number="939" hits="43" branch="false"/>
            <line number="940" hits="43" branch="false"/>
            <line number="942" hits="43" branch="false"/>
            <line number="943" hits="43" branch="false"/>
            <line number="944" hits="43" branch="false"/>
            <line number="945" hits="43" branch="false"/>
            <line number="946" hits="43" branch="false"/>
            <line number="951" hits="2" branch="false"/>
            <line number="952" hits="2" branch="false"/>
            <line number="953" hits="2" branch="false"/>
            <line number="954" hits="2" branch="false"/>
            <line number="955" hits="2" branch="false"/>
            <line number="956" hits="2" branch="false"/>
            <line number="957" hits="2" branch="false"/>
            <line number="961" hits="33" branch="false"/>
          </lines>
        </class>
        <class name="utils.R" filename="R/utils.R" line-rate="1" branch-rate="0" complexity="0">
          <methods>
            <method name="parallel_set" signature="" line-rate="1" branch-rate="0" complexity="0">
              <lines>
                <line number="15" hits="4" branch="false"/>
                <line number="16" hits="3" branch="false"/>
                <line number="18" hits="2" branch="false"/>
                <line number="20" hits="2" branch="false"/>
                <line number="21" hits="1" branch="false"/>
                <line number="23" hits="1" branch="false"/>
                <line number="26" hits="2" branch="false"/>
                <line number="28" hits="2" branch="false"/>
              </lines>
            </method>
            <method name="parallel_end" signature="" line-rate="1" branch-rate="0" complexity="0">
              <lines>
                <line number="34" hits="2" branch="false"/>
                <line number="35" hits="1" branch="false"/>
              </lines>
            </method>
            <method name="define_foreach_operand" signature="" line-rate="1" branch-rate="0" complexity="0">
              <lines>
                <line number="41" hits="62" branch="false"/>
                <line number="42" hits="1" branch="false"/>
                <line number="44" hits="61" branch="false"/>
              </lines>
            </method>
          </methods>
          <lines>
            <line number="15" hits="4" branch="false"/>
            <line number="16" hits="3" branch="false"/>
            <line number="18" hits="2" branch="false"/>
            <line number="20" hits="2" branch="false"/>
            <line number="21" hits="1" branch="false"/>
            <line number="23" hits="1" branch="false"/>
            <line number="26" hits="2" branch="false"/>
            <line number="28" hits="2" branch="false"/>
            <line number="34" hits="2" branch="false"/>
            <line number="35" hits="1" branch="false"/>
            <line number="41" hits="62" branch="false"/>
            <line number="42" hits="1" branch="false"/>
            <line number="44" hits="61" branch="false"/>
          </lines>
        </class>
      </classes>
    </package>
  </packages>
</coverage>
